================================================================
== Design Size Report
================================================================

* Total Instructions per Compilation Phase
+---------------+-----------------------------+--------------+----------------------------------------------------------------------------------------+
| Phase         | Step                        | Instructions | Description                                                                            |
+---------------+-----------------------------+--------------+----------------------------------------------------------------------------------------+
| Compile/Link  |                             | 31,385       | After all functions are compiled and linked into a single design                       |
|               |                             |              |                                                                                        |
| Unroll/Inline |                             |              | After user unroll and inline pragmas are applied                                       |
|               | (1) unroll                  |  9,732       | user unroll pragmas are applied                                                        |
|               | (2) simplification          |  5,880       | simplification of applied user unroll pragmas                                          |
|               | (3) inline                  |  5,761       | user inline pragmas are applied                                                        |
|               | (4) simplification          |  2,978       | simplification of applied user inline pragmas                                          |
|               |                             |              |                                                                                        |
| Array/Struct  |                             |              | After user array partition and struct aggregate/disaggregate pragmas are applied       |
|               | (1) array partition         |  3,504       | user array partition pragmas are applied                                               |
|               | (2) simplification          |  2,872       | simplification of applied user array partition & struct aggregate/disaggregate pragmas |
|               | (3) aggregate/disaggregate  |  2,872       | user struct aggregate/disaggregate pragmas are applied                                 |
|               | (4) array reshape           |  2,872       | apply array reshape pragmas                                                            |
|               | (5) access patterns         |  2,912       | array access pattern optmizations                                                      |
|               |                             |              |                                                                                        |
| Performance   |                             |              | After transformations are applied to meet performance pragma targets                   |
|               | (1) loop simplification     |  2,848       | loop and instruction simplification                                                    |
|               | (2) parallelization         |  2,842       | loops are unrolled or pipelined to meet performance targets                            |
|               | (3) array partition         |  2,842       | arrays are partitioned to meet performance targets                                     |
|               | (4) simplification          |  2,842       | simplification of design after performance transformations                             |
|               |                             |              |                                                                                        |
| HW Transforms |                             |              | After hardware transfomations                                                          |
|               | (1) lowering                |  2,868       | initial conversion to HW specific instructions                                         |
|               | (2) optimizations           |  2,888       | high level synthesis optimizations                                                     |
+---------------+-----------------------------+--------------+----------------------------------------------------------------------------------------+

* Instructions per Function for each Compilation Phase
+-------------------------------------------+-------------------------+-----------------+-----------------+-----------------+-----------------+-----------------+
| Function                                  | Location                | Compile/Link    | Unroll/Inline   | Array/Struct    | Performance     | HW Transforms   |
+-------------------------------------------+-------------------------+-----------------+-----------------+-----------------+-----------------+-----------------+
| + hestonEuro                              | hestonEuro.cpp:3        | 31,385          | 2,978           | 2,912           | 2,842           | 2,888           |
|  + simulation                             | hestonEuro.cpp:51       | 31,333          | 2,936           | 2,872           | 2,818           | 2,837           |
|     init_array                            | RNG.cpp:49              |    99           |                 |                 |                 |                 |
|   + sampleSIM                             | hestonEuro.cpp:70       | 31,204          | 2,827           | 2,763           | 2,715           | 2,731           |
|    + fmaxf                                | fmaxfloat.cpp:6         | 8,610 (3 calls) |                 |                 |                 |                 |
|     + generic_fmax<float>                 | hls_fmax.h:19           | 8,604 (3 calls) |                 |                 |                 |                 |
|        fp_struct                          | x_hls_utils.h:283       | 1,866 (6 calls) |                 |                 |                 |                 |
|      + generic_isnan<float>               | hls_isnan.h:16          | 3,438 (9 calls) |                 |                 |                 |                 |
|         fp_struct                         | x_hls_utils.h:283       | 2,799 (9 calls) |                 |                 |                 |                 |
|      + to_ieee                            | x_hls_utils.h:346       |   882 (3 calls) |                 |                 |                 |                 |
|       + to_float                          | x_hls_utils.h:322       |   876 (3 calls) |                 |                 |                 |                 |
|          data                             | x_hls_utils.h:309       |   822 (3 calls) |                 |                 |                 |                 |
|      + to_int                             | x_hls_utils.h:319       | 1,698 (6 calls) |                 |                 |                 |                 |
|         data                              | x_hls_utils.h:309       | 1,644 (6 calls) |                 |                 |                 |                 |
|    + BOX_MULLER                           | RNG.cpp:131             | 22,235          |                 |                 |                 |                 |
|     + extract_number                      | RNG.cpp:78              |   114           |                 |                 |                 |                 |
|        increase                           | RNG.cpp:124             |    30 (3 calls) |                 |                 |                 |                 |
|     + fmaxf                               | fmaxfloat.cpp:6         | 2,870           |                 |                 |                 |                 |
|      + generic_fmax<float>                | hls_fmax.h:19           | 2,868           |                 |                 |                 |                 |
|         fp_struct                         | x_hls_utils.h:283       |   622 (2 calls) |                 |                 |                 |                 |
|       + generic_isnan<float>              | hls_isnan.h:16          | 1,146 (3 calls) |                 |                 |                 |                 |
|          fp_struct                        | x_hls_utils.h:283       |   933 (3 calls) |                 |                 |                 |                 |
|       + to_ieee                           | x_hls_utils.h:346       |   294           |                 |                 |                 |                 |
|        + to_float                         | x_hls_utils.h:322       |   292           |                 |                 |                 |                 |
|           data                            | x_hls_utils.h:309       |   274           |                 |                 |                 |                 |
|       + to_int                            | x_hls_utils.h:319       |   566 (2 calls) |                 |                 |                 |                 |
|          data                             | x_hls_utils.h:309       |   548 (2 calls) |                 |                 |                 |                 |
|     + cosf                                | sincosfloat.cpp:11      | 9,610           |                 |                 |                 |                 |
|      + cos                                | hls_hotbm_float.cpp:126 | 9,608           |                 |                 |                 |                 |
|       + sin_or_cos<float>                 | hls_hotbm.h:209         | 9,606           |                 |                 |                 |                 |
|          fp_struct                        | x_hls_utils.h:283       |   622 (2 calls) |                 |                 |                 |                 |
|        + range_redux_payne_hanek_hotb...  | hls_range_redux.h:543   | 2,545           |                 |                 |                 |                 |
|           fp_struct                       | x_hls_utils.h:283       |   311           |                 |                 |                 |                 |
|           expv                            | x_hls_utils.h:316       |   109           |                 |                 |                 |                 |
|           clz<29, 58, 0>                  | hls_normalize.h:69      |   199           |                 |                 |                 |                 |
|        + range_redux_payne_hanek_hotb...  | hls_range_redux.h:431   | 2,143           |                 |                 |                 |                 |
|           fp_struct                       | x_hls_utils.h:283       |   311           |                 |                 |                 |                 |
|           expv                            | x_hls_utils.h:316       |   109           |                 |                 |                 |                 |
|           table_lookup_4oPi_hotbm<23, ... | hls_range_redux.h:373   |   256           |                 |                 |                 |                 |
|           clz<29, 58, 0>                  | hls_normalize.h:69      |   199           |                 |                 |                 |                 |
|          sin_or_cos_approximation<29,...  | hls_hotbm_float.cpp:8   | 1,511           |                 |                 |                 |                 |
|        + scaled_fixed2ieee<29, 1>         | x_hls_float_utils.h:256 | 1,490           |                 |                 |                 |                 |
|           fp_struct                       | x_hls_utils.h:281       |     4           |                 |                 |                 |                 |
|           clz                             | hls_normalize.h:79      |    68           |                 |                 |                 |                 |
|           set_mantissa                    | x_hls_utils.h:336       |   106           |                 |                 |                 |                 |
|         + to_ieee                         | x_hls_utils.h:346       |   294           |                 |                 |                 |                 |
|          + to_float                       | x_hls_utils.h:322       |   292           |                 |                 |                 |                 |
|             data                          | x_hls_utils.h:309       |   274           |                 |                 |                 |                 |
|        + to_ieee                          | x_hls_utils.h:346       |   294           |                 |                 |                 |                 |
|         + to_float                        | x_hls_utils.h:322       |   292           |                 |                 |                 |                 |
|            data                           | x_hls_utils.h:309       |   274           |                 |                 |                 |                 |
|     + sinf                                | sincosfloat.cpp:7       | 9,610           |                 |                 |                 |                 |
|      + sin                                | hls_hotbm_float.cpp:122 | 9,608           |                 |                 |                 |                 |
|       + sin_or_cos<float>                 | hls_hotbm.h:209         | 9,606           |                 |                 |                 |                 |
|          fp_struct                        | x_hls_utils.h:283       |   622 (2 calls) |                 |                 |                 |                 |
|        + range_redux_payne_hanek_hotb...  | hls_range_redux.h:543   | 2,545           |                 |                 |                 |                 |
|           fp_struct                       | x_hls_utils.h:283       |   311           |                 |                 |                 |                 |
|           expv                            | x_hls_utils.h:316       |   109           |                 |                 |                 |                 |
|           clz<29, 58, 0>                  | hls_normalize.h:69      |   199           |                 |                 |                 |                 |
|        + range_redux_payne_hanek_hotb...  | hls_range_redux.h:431   | 2,143           |                 |                 |                 |                 |
|           fp_struct                       | x_hls_utils.h:283       |   311           |                 |                 |                 |                 |
|           expv                            | x_hls_utils.h:316       |   109           |                 |                 |                 |                 |
|           table_lookup_4oPi_hotbm<23, ... | hls_range_redux.h:373   |   256           |                 |                 |                 |                 |
|           clz<29, 58, 0>                  | hls_normalize.h:69      |   199           |                 |                 |                 |                 |
|          sin_or_cos_approximation<29,...  | hls_hotbm_float.cpp:8   | 1,511           |                 |                 |                 |                 |
|        + scaled_fixed2ieee<29, 1>         | x_hls_float_utils.h:256 | 1,490           |                 |                 |                 |                 |
|           fp_struct                       | x_hls_utils.h:281       |     4           |                 |                 |                 |                 |
|           clz                             | hls_normalize.h:79      |    68           |                 |                 |                 |                 |
|           set_mantissa                    | x_hls_utils.h:336       |   106           |                 |                 |                 |                 |
|         + to_ieee                         | x_hls_utils.h:346       |   294           |                 |                 |                 |                 |
|          + to_float                       | x_hls_utils.h:322       |   292           |                 |                 |                 |                 |
|             data                          | x_hls_utils.h:309       |   274           |                 |                 |                 |                 |
|        + to_ieee                          | x_hls_utils.h:346       |   294           |                 |                 |                 |                 |
|         + to_float                        | x_hls_utils.h:322       |   292           |                 |                 |                 |                 |
|            data                           | x_hls_utils.h:309       |   274           |                 |                 |                 |                 |
|      generic_fmax<float>                  | hls_fmax.h:19           |                 |  210 (10 calls) |  210 (10 calls) |  210 (10 calls) |  210 (10 calls) |
|      sin_or_cos<float>                    | hls_hotbm.h:209         |                 | 1,952 (8 calls) | 1,840 (8 calls) | 1,840 (8 calls) | 1,840 (8 calls) |
+-------------------------------------------+-------------------------+-----------------+-----------------+-----------------+-----------------+-----------------+

* Design Size Message Settings
+---------------------------------------------+--------+------------------------------------------------------------------+
| Message Setting                             | Value  | Description                                                      |
+---------------------------------------------+--------+------------------------------------------------------------------+
| config_compile -design_size_maximum_warning | 100000 | Show a warning when total design instructions exceeds this value |
+---------------------------------------------+--------+------------------------------------------------------------------+


