

================================================================
== Vitis HLS Report for 'sampleSIM'
================================================================
* Date:           Mon Nov 10 19:25:54 2025

* Version:        2023.2 (Build 4023990 on Oct 11 2023)
* Project:        hestonEuro_hls
* Solution:       solution1 (Vivado IP Flow Target)
* Product family: zynquplus
* Target device:  xczu9eg-ffvb1156-2-e


================================================================
== Performance Estimates
================================================================
+ Timing: 
    * Summary: 
    +--------+----------+----------+------------+
    |  Clock |  Target  | Estimated| Uncertainty|
    +--------+----------+----------+------------+
    |ap_clk  |  10.00 ns|  7.646 ns|     2.70 ns|
    +--------+----------+----------+------------+

+ Latency: 
    * Summary: 
    +---------+---------+-----------+-----------+---------+---------+---------+
    |  Latency (cycles) |   Latency (absolute)  |      Interval     | Pipeline|
    |   min   |   max   |    min    |    max    |   min   |   max   |   Type  |
    +---------+---------+-----------+-----------+---------+---------+---------+
    |  4074561|  4074561|  40.746 ms|  40.746 ms|  4074561|  4074561|       no|
    +---------+---------+-----------+-----------+---------+---------+---------+

    + Detail: 
        * Instance: 
        +-----------------------------------------------------+-----------------------------------------+---------+---------+-----------+-----------+------+------+---------+
        |                                                     |                                         |  Latency (cycles) |   Latency (absolute)  |   Interval  | Pipeline|
        |                       Instance                      |                  Module                 |   min   |   max   |    min    |    max    |  min |  max |   Type  |
        +-----------------------------------------------------+-----------------------------------------+---------+---------+-----------+-----------+------+------+---------+
        |grp_generic_fmax_float_s_fu_2405                     |generic_fmax_float_s                     |        0|        0|       0 ns|       0 ns|     1|     1|      yes|
        |grp_sampleSIM_Pipeline_loop_path_loop_share_fu_2411  |sampleSIM_Pipeline_loop_path_loop_share  |     7706|     7706|  77.060 us|  77.060 us|  7706|  7706|       no|
        +-----------------------------------------------------+-----------------------------------------+---------+---------+-----------+-----------+------+------+---------+

        * Loop: 
        +-------------+---------+---------+----------+-----------+-----------+------+----------+
        |             |  Latency (cycles) | Iteration|  Initiation Interval  | Trip |          |
        |  Loop Name  |   min   |   max   |  Latency |  achieved |   target  | Count| Pipelined|
        +-------------+---------+---------+----------+-----------+-----------+------+----------+
        |- loop_init  |        4|        4|         1|          -|          -|     4|        no|
        |- loop_main  |  4074496|  4074496|      7958|          -|          -|   512|        no|
        | + loop_sum  |      248|      248|        62|          -|          -|     4|        no|
        +-------------+---------+---------+----------+-----------+-----------+------+----------+



================================================================
== Utilization Estimates
================================================================
* Summary: 
+-----------------+---------+------+--------+--------+-----+
|       Name      | BRAM_18K|  DSP |   FF   |   LUT  | URAM|
+-----------------+---------+------+--------+--------+-----+
|DSP              |        -|     -|       -|       -|    -|
|Expression       |        -|     -|       0|     564|    -|
|FIFO             |        -|     -|       -|       -|    -|
|Instance         |        -|    50|    8018|   12408|    -|
|Memory           |        -|     -|       -|       -|    -|
|Multiplexer      |        -|     -|       -|    2625|    -|
|Register         |        -|     -|    7786|       -|    -|
+-----------------+---------+------+--------+--------+-----+
|Total            |        0|    50|   15804|   15597|    0|
+-----------------+---------+------+--------+--------+-----+
|Available        |     1824|  2520|  548160|  274080|    0|
+-----------------+---------+------+--------+--------+-----+
|Utilization (%)  |        0|     1|       2|       5|    0|
+-----------------+---------+------+--------+--------+-----+

+ Detail: 
    * Instance: 
    +-----------------------------------------------------+-----------------------------------------+---------+----+------+-------+-----+
    |                       Instance                      |                  Module                 | BRAM_18K| DSP|  FF  |  LUT  | URAM|
    +-----------------------------------------------------+-----------------------------------------+---------+----+------+-------+-----+
    |fadd_32ns_32ns_32_4_full_dsp_1_U224                  |fadd_32ns_32ns_32_4_full_dsp_1           |        0|   2|   227|    214|    0|
    |faddfsub_32ns_32ns_32_4_full_dsp_1_U223              |faddfsub_32ns_32ns_32_4_full_dsp_1       |        0|   2|   227|    214|    0|
    |fcmp_32ns_32ns_1_2_no_dsp_1_U228                     |fcmp_32ns_32ns_1_2_no_dsp_1              |        0|   0|     0|      0|    0|
    |fdiv_32ns_32ns_32_9_no_dsp_1_U227                    |fdiv_32ns_32ns_32_9_no_dsp_1             |        0|   0|     0|      0|    0|
    |fexp_32ns_32ns_32_8_full_dsp_1_U231                  |fexp_32ns_32ns_32_8_full_dsp_1           |        0|   7|   324|    905|    0|
    |flog_32ns_32ns_32_9_full_dsp_1_U230                  |flog_32ns_32ns_32_9_full_dsp_1           |        0|  13|   446|    599|    0|
    |fmul_32ns_32ns_32_3_max_dsp_1_U225                   |fmul_32ns_32ns_32_3_max_dsp_1            |        0|   3|   128|    135|    0|
    |fmul_32ns_32ns_32_3_max_dsp_1_U226                   |fmul_32ns_32ns_32_3_max_dsp_1            |        0|   3|   128|    135|    0|
    |fsqrt_32ns_32ns_32_8_no_dsp_1_U229                   |fsqrt_32ns_32ns_32_8_no_dsp_1            |        0|   0|     0|      0|    0|
    |grp_generic_fmax_float_s_fu_2405                     |generic_fmax_float_s                     |        0|   0|     0|    102|    0|
    |mux_4_2_32_1_1_U232                                  |mux_4_2_32_1_1                           |        0|   0|     0|     20|    0|
    |mux_4_2_32_1_1_U233                                  |mux_4_2_32_1_1                           |        0|   0|     0|     20|    0|
    |mux_4_2_32_1_1_U234                                  |mux_4_2_32_1_1                           |        0|   0|     0|     20|    0|
    |mux_4_2_32_1_1_U235                                  |mux_4_2_32_1_1                           |        0|   0|     0|     20|    0|
    |grp_sampleSIM_Pipeline_loop_path_loop_share_fu_2411  |sampleSIM_Pipeline_loop_path_loop_share  |        0|  20|  6538|  10024|    0|
    +-----------------------------------------------------+-----------------------------------------+---------+----+------+-------+-----+
    |Total                                                |                                         |        0|  50|  8018|  12408|    0|
    +-----------------------------------------------------+-----------------------------------------+---------+----+------+-------+-----+

    * DSP: 
    N/A

    * Memory: 
    N/A

    * FIFO: 
    N/A

    * Expression: 
    +---------------------------+----------+----+---+----+------------+------------+
    |       Variable Name       | Operation| DSP| FF| LUT| Bitwidth P0| Bitwidth P1|
    +---------------------------+----------+----+---+----+------------+------------+
    |add_ln103_fu_2951_p2       |         +|   0|  0|  10|           3|           1|
    |add_ln135_fu_4097_p2       |         +|   0|  0|  10|           3|           1|
    |j_2_fu_3684_p2             |         +|   0|  0|  17|          10|           1|
    |and_ln141_1_fu_4646_p2     |       and|   0|  0|   2|           1|           1|
    |and_ln141_2_fu_4731_p2     |       and|   0|  0|   2|           1|           1|
    |and_ln141_3_fu_4816_p2     |       and|   0|  0|   2|           1|           1|
    |and_ln141_fu_4433_p2       |       and|   0|  0|   2|           1|           1|
    |icmp_ln103_fu_2945_p2      |      icmp|   0|  0|  12|           3|           4|
    |icmp_ln113_fu_3678_p2      |      icmp|   0|  0|  18|          10|          11|
    |icmp_ln135_fu_4091_p2      |      icmp|   0|  0|  12|           3|           4|
    |icmp_ln141_1_fu_4147_p2    |      icmp|   0|  0|  30|          23|           1|
    |icmp_ln141_2_fu_4630_p2    |      icmp|   0|  0|  15|           8|           2|
    |icmp_ln141_3_fu_4636_p2    |      icmp|   0|  0|  30|          23|           1|
    |icmp_ln141_4_fu_4715_p2    |      icmp|   0|  0|  15|           8|           2|
    |icmp_ln141_5_fu_4721_p2    |      icmp|   0|  0|  30|          23|           1|
    |icmp_ln141_6_fu_4800_p2    |      icmp|   0|  0|  15|           8|           2|
    |icmp_ln141_7_fu_4806_p2    |      icmp|   0|  0|  30|          23|           1|
    |icmp_ln141_fu_4141_p2      |      icmp|   0|  0|  15|           8|           2|
    |or_ln141_1_fu_4642_p2      |        or|   0|  0|   2|           1|           1|
    |or_ln141_2_fu_4727_p2      |        or|   0|  0|   2|           1|           1|
    |or_ln141_3_fu_4812_p2      |        or|   0|  0|   2|           1|           1|
    |or_ln141_fu_4429_p2        |        or|   0|  0|   2|           1|           1|
    |select_ln141_1_fu_4446_p3  |    select|   0|  0|  32|           1|          32|
    |select_ln141_2_fu_4652_p3  |    select|   0|  0|  32|           1|          32|
    |select_ln141_3_fu_4659_p3  |    select|   0|  0|  32|           1|          32|
    |select_ln141_4_fu_4737_p3  |    select|   0|  0|  32|           1|          32|
    |select_ln141_5_fu_4744_p3  |    select|   0|  0|  32|           1|          32|
    |select_ln141_6_fu_4822_p3  |    select|   0|  0|  32|           1|          32|
    |select_ln141_7_fu_4829_p3  |    select|   0|  0|  32|           1|          32|
    |select_ln141_fu_4439_p3    |    select|   0|  0|  32|           1|          32|
    |xor_ln73_fu_3917_p2        |       xor|   0|  0|  33|          32|          33|
    +---------------------------+----------+----+---+----+------------+------------+
    |Total                      |          |   0|  0| 564|         204|         331|
    +---------------------------+----------+----+---+----+------------+------------+

    * Multiplexer: 
    +------------------------------------+-----+-----------+-----+-----------+
    |                Name                | LUT | Input Size| Bits| Total Bits|
    +------------------------------------+-----+-----------+-----+-----------+
    |ap_NS_fsm                           |  666|        127|    1|        127|
    |ap_return_0                         |    9|          2|   32|         64|
    |ap_return_1                         |    9|          2|   32|         64|
    |empty_191_fu_772                    |    9|          2|   32|         64|
    |empty_192_fu_776                    |    9|          2|   32|         64|
    |empty_193_fu_780                    |    9|          2|   32|         64|
    |empty_194_fu_784                    |    9|          2|   32|         64|
    |empty_195_fu_788                    |    9|          2|   32|         64|
    |empty_196_fu_792                    |    9|          2|   32|         64|
    |empty_197_fu_796                    |    9|          2|   32|         64|
    |empty_198_fu_800                    |    9|          2|   32|         64|
    |empty_199_fu_804                    |    9|          2|   32|         64|
    |empty_200_fu_808                    |    9|          2|   32|         64|
    |empty_201_fu_812                    |    9|          2|   32|         64|
    |empty_202_fu_816                    |    9|          2|   32|         64|
    |empty_203_fu_820                    |    9|          2|   32|         64|
    |empty_204_fu_824                    |    9|          2|   32|         64|
    |empty_205_fu_828                    |    9|          2|   32|         64|
    |empty_206_fu_832                    |    9|          2|   32|         64|
    |empty_207_fu_836                    |    9|          2|   32|         64|
    |empty_208_fu_840                    |    9|          2|   32|         64|
    |empty_209_fu_844                    |    9|          2|   32|         64|
    |empty_210_fu_848                    |    9|          2|   32|         64|
    |empty_211_fu_852                    |    9|          2|   32|         64|
    |empty_212_fu_856                    |    9|          2|   32|         64|
    |empty_213_fu_860                    |    9|          2|   32|         64|
    |empty_214_fu_864                    |    9|          2|   32|         64|
    |empty_215_fu_868                    |    9|          2|   32|         64|
    |empty_216_fu_872                    |    9|          2|   32|         64|
    |empty_217_fu_876                    |    9|          2|   32|         64|
    |empty_218_fu_880                    |    9|          2|   32|         64|
    |empty_219_fu_884                    |    9|          2|   32|         64|
    |empty_220_fu_888                    |    9|          2|   32|         64|
    |empty_221_fu_892                    |    9|          2|   32|         64|
    |empty_222_fu_896                    |    9|          2|   32|         64|
    |empty_223_fu_900                    |    9|          2|   32|         64|
    |empty_224_fu_904                    |    9|          2|   32|         64|
    |empty_225_fu_908                    |    9|          2|   32|         64|
    |empty_226_fu_912                    |    9|          2|   32|         64|
    |empty_227_fu_916                    |    9|          2|   32|         64|
    |empty_228_fu_920                    |    9|          2|   32|         64|
    |empty_229_fu_924                    |    9|          2|   32|         64|
    |empty_230_fu_928                    |    9|          2|   32|         64|
    |empty_231_fu_932                    |    9|          2|   32|         64|
    |empty_232_fu_936                    |    9|          2|   32|         64|
    |empty_233_fu_940                    |    9|          2|   32|         64|
    |empty_234_fu_944                    |    9|          2|   32|         64|
    |empty_235_fu_948                    |    9|          2|   32|         64|
    |empty_236_fu_952                    |    9|          2|   32|         64|
    |empty_237_fu_956                    |    9|          2|   32|         64|
    |empty_238_fu_960                    |    9|          2|   32|         64|
    |empty_239_fu_964                    |    9|          2|   32|         64|
    |empty_240_fu_968                    |    9|          2|   32|         64|
    |empty_241_fu_972                    |    9|          2|   32|         64|
    |empty_242_fu_976                    |    9|          2|   32|         64|
    |empty_243_fu_980                    |    9|          2|   32|         64|
    |empty_244_fu_984                    |    9|          2|   32|         64|
    |empty_245_fu_988                    |    9|          2|   32|         64|
    |empty_246_fu_992                    |    9|          2|   32|         64|
    |empty_247_reg_1050                  |    9|          2|   32|         64|
    |empty_248_reg_1060                  |    9|          2|   32|         64|
    |empty_249_reg_1070                  |    9|          2|   32|         64|
    |empty_250_reg_1080                  |    9|          2|   32|         64|
    |empty_251_reg_1090                  |    9|          2|   32|         64|
    |empty_252_reg_1100                  |    9|          2|   32|         64|
    |empty_253_reg_1110                  |    9|          2|   32|         64|
    |empty_254_reg_1120                  |    9|          2|   32|         64|
    |empty_255_reg_1130                  |    9|          2|   32|         64|
    |empty_256_reg_1140                  |    9|          2|   32|         64|
    |empty_257_reg_1150                  |    9|          2|   32|         64|
    |empty_258_reg_1160                  |    9|          2|   32|         64|
    |empty_259_reg_1170                  |    9|          2|   32|         64|
    |empty_260_reg_1180                  |    9|          2|   32|         64|
    |empty_261_reg_1190                  |    9|          2|   32|         64|
    |empty_262_reg_1200                  |    9|          2|   32|         64|
    |empty_263_reg_1210                  |    9|          2|   32|         64|
    |empty_264_reg_1220                  |    9|          2|   32|         64|
    |empty_265_reg_1230                  |    9|          2|   32|         64|
    |empty_266_reg_1240                  |    9|          2|   32|         64|
    |empty_267_reg_1250                  |    9|          2|   32|         64|
    |empty_268_reg_1260                  |    9|          2|   32|         64|
    |empty_269_reg_1270                  |    9|          2|   32|         64|
    |empty_270_reg_1280                  |    9|          2|   32|         64|
    |empty_271_reg_1290                  |    9|          2|   32|         64|
    |empty_272_reg_1300                  |    9|          2|   32|         64|
    |empty_273_reg_1310                  |    9|          2|   32|         64|
    |empty_274_reg_1320                  |    9|          2|   32|         64|
    |empty_275_reg_1330                  |    9|          2|   32|         64|
    |empty_276_reg_1340                  |    9|          2|   32|         64|
    |empty_277_reg_1350                  |    9|          2|   32|         64|
    |empty_278_reg_1360                  |    9|          2|   32|         64|
    |empty_279_reg_1370                  |    9|          2|   32|         64|
    |empty_280_reg_1380                  |    9|          2|   32|         64|
    |empty_281_reg_1390                  |    9|          2|   32|         64|
    |empty_282_reg_1400                  |    9|          2|   32|         64|
    |empty_283_reg_1410                  |    9|          2|   32|         64|
    |empty_284_reg_1420                  |    9|          2|   32|         64|
    |empty_285_reg_1430                  |    9|          2|   32|         64|
    |empty_286_reg_1440                  |    9|          2|   32|         64|
    |empty_287_reg_1450                  |    9|          2|   32|         64|
    |empty_288_reg_1460                  |    9|          2|   32|         64|
    |empty_289_reg_1470                  |    9|          2|   32|         64|
    |empty_290_reg_1480                  |    9|          2|   32|         64|
    |empty_291_reg_1490                  |    9|          2|   32|         64|
    |empty_292_reg_1500                  |    9|          2|   32|         64|
    |empty_293_reg_1510                  |    9|          2|   32|         64|
    |empty_294_reg_1520                  |    9|          2|   32|         64|
    |empty_295_reg_1541                  |    9|          2|   32|         64|
    |empty_296_reg_1559                  |    9|          2|   32|         64|
    |empty_297_reg_1577                  |    9|          2|   32|         64|
    |empty_298_reg_1595                  |    9|          2|   32|         64|
    |empty_299_reg_1613                  |    9|          2|   32|         64|
    |empty_300_reg_1631                  |    9|          2|   32|         64|
    |empty_301_reg_1649                  |    9|          2|   32|         64|
    |empty_302_reg_1667                  |    9|          2|   32|         64|
    |empty_303_reg_1685                  |    9|          2|   32|         64|
    |empty_304_reg_1703                  |    9|          2|   32|         64|
    |empty_305_reg_1721                  |    9|          2|   32|         64|
    |empty_306_reg_1739                  |    9|          2|   32|         64|
    |empty_307_reg_1757                  |    9|          2|   32|         64|
    |empty_308_reg_1775                  |    9|          2|   32|         64|
    |empty_309_reg_1793                  |    9|          2|   32|         64|
    |empty_310_reg_1811                  |    9|          2|   32|         64|
    |empty_311_reg_1829                  |    9|          2|   32|         64|
    |empty_312_reg_1847                  |    9|          2|   32|         64|
    |empty_313_reg_1865                  |    9|          2|   32|         64|
    |empty_314_reg_1883                  |    9|          2|   32|         64|
    |empty_315_reg_1901                  |    9|          2|   32|         64|
    |empty_316_reg_1919                  |    9|          2|   32|         64|
    |empty_317_reg_1937                  |    9|          2|   32|         64|
    |empty_318_reg_1955                  |    9|          2|   32|         64|
    |empty_319_reg_1973                  |    9|          2|   32|         64|
    |empty_320_reg_1991                  |    9|          2|   32|         64|
    |empty_321_reg_2009                  |    9|          2|   32|         64|
    |empty_322_reg_2027                  |    9|          2|   32|         64|
    |empty_323_reg_2045                  |    9|          2|   32|         64|
    |empty_324_reg_2063                  |    9|          2|   32|         64|
    |empty_325_reg_2081                  |    9|          2|   32|         64|
    |empty_326_reg_2099                  |    9|          2|   32|         64|
    |empty_327_reg_2117                  |    9|          2|   32|         64|
    |empty_328_reg_2135                  |    9|          2|   32|         64|
    |empty_329_reg_2153                  |    9|          2|   32|         64|
    |empty_330_reg_2171                  |    9|          2|   32|         64|
    |empty_331_reg_2189                  |    9|          2|   32|         64|
    |empty_332_reg_2207                  |    9|          2|   32|         64|
    |empty_333_reg_2225                  |    9|          2|   32|         64|
    |empty_334_reg_2243                  |    9|          2|   32|         64|
    |empty_335_reg_2261                  |    9|          2|   32|         64|
    |empty_336_reg_2279                  |    9|          2|   32|         64|
    |empty_337_reg_2297                  |    9|          2|   32|         64|
    |empty_338_reg_2315                  |    9|          2|   32|         64|
    |empty_339_reg_2333                  |    9|          2|   32|         64|
    |empty_340_reg_2351                  |    9|          2|   32|         64|
    |empty_341_reg_2369                  |    9|          2|   32|         64|
    |empty_342_reg_2387                  |    9|          2|   32|         64|
    |grp_fu_2606_opcode                  |   14|          3|    2|          6|
    |grp_fu_2606_p0                      |   65|         12|   32|        384|
    |grp_fu_2606_p1                      |   43|          8|   32|        256|
    |grp_fu_2612_p0                      |   14|          3|   32|         96|
    |grp_fu_2612_p1                      |   26|          5|   32|        160|
    |grp_fu_2618_ce                      |    9|          2|    1|          2|
    |grp_fu_2618_p0                      |   49|          9|   32|        288|
    |grp_fu_2618_p1                      |   65|         12|   32|        384|
    |grp_fu_2624_ce                      |    9|          2|    1|          2|
    |grp_fu_2624_p0                      |   26|          5|   32|        160|
    |grp_fu_2624_p1                      |   31|          6|   32|        192|
    |grp_fu_2638_p0                      |   26|          5|   32|        160|
    |grp_fu_2643_ce                      |    9|          2|    1|          2|
    |grp_fu_2643_p1                      |   14|          3|   32|         96|
    |grp_fu_2648_ce                      |    9|          2|    1|          2|
    |grp_fu_2648_p1                      |   14|          3|   32|         96|
    |grp_fu_2653_p1                      |   31|          6|   32|        192|
    |grp_generic_fmax_float_s_fu_2405_x  |   20|          4|   32|        128|
    |j_fu_736                            |    9|          2|   10|         20|
    |mt_rng_index_0_0_fu_740             |    9|          2|   32|         64|
    |mt_rng_index_1_0_fu_748             |    9|          2|   32|         64|
    |mt_rng_index_2_0_fu_756             |    9|          2|   32|         64|
    |mt_rng_index_3_0_fu_764             |    9|          2|   32|         64|
    |mt_rng_seed_0_0_fu_744              |    9|          2|   32|         64|
    |mt_rng_seed_1_0_fu_752              |    9|          2|   32|         64|
    |mt_rng_seed_2_0_fu_760              |    9|          2|   32|         64|
    |mt_rng_seed_3_0_fu_768              |    9|          2|   32|         64|
    |s_1_reg_1530                        |    9|          2|    3|          6|
    |s_fu_124                            |    9|          2|    3|          6|
    +------------------------------------+-----+-----------+-----+-----------+
    |Total                               | 2625|        549| 5623|      13133|
    +------------------------------------+-----+-----------+-----+-----------+

    * Register: 
    +------------------------------------------------------------------+-----+----+-----+-----------+
    |                               Name                               |  FF | LUT| Bits| Const Bits|
    +------------------------------------------------------------------+-----+----+-----+-----------+
    |add_ln135_reg_6940                                                |    3|   0|    3|          0|
    |and_ln141_1_reg_7000                                              |    1|   0|    1|          0|
    |and_ln141_2_reg_7032                                              |    1|   0|    1|          0|
    |and_ln141_3_reg_7064                                              |    1|   0|    1|          0|
    |and_ln141_reg_6968                                                |    1|   0|    1|          0|
    |ap_CS_fsm                                                         |  126|   0|  126|          0|
    |ap_return_0_preg                                                  |   32|   0|   32|          0|
    |ap_return_1_preg                                                  |   32|   0|   32|          0|
    |div_reg_5878                                                      |   32|   0|   32|          0|
    |empty_144_fu_132                                                  |   32|   0|   32|          0|
    |empty_145_fu_136                                                  |   32|   0|   32|          0|
    |empty_146_fu_140                                                  |   32|   0|   32|          0|
    |empty_147_fu_144                                                  |   32|   0|   32|          0|
    |empty_148_fu_148                                                  |   32|   0|   32|          0|
    |empty_149_fu_152                                                  |   32|   0|   32|          0|
    |empty_150_fu_156                                                  |   32|   0|   32|          0|
    |empty_151_fu_160                                                  |   32|   0|   32|          0|
    |empty_152_fu_164                                                  |   32|   0|   32|          0|
    |empty_153_fu_168                                                  |   32|   0|   32|          0|
    |empty_154_fu_172                                                  |   32|   0|   32|          0|
    |empty_155_fu_176                                                  |   32|   0|   32|          0|
    |empty_156_fu_180                                                  |   32|   0|   32|          0|
    |empty_157_fu_184                                                  |   32|   0|   32|          0|
    |empty_158_fu_188                                                  |   32|   0|   32|          0|
    |empty_159_fu_192                                                  |   32|   0|   32|          0|
    |empty_160_fu_196                                                  |   32|   0|   32|          0|
    |empty_161_fu_200                                                  |   32|   0|   32|          0|
    |empty_162_fu_204                                                  |   32|   0|   32|          0|
    |empty_163_fu_208                                                  |   32|   0|   32|          0|
    |empty_164_fu_212                                                  |   32|   0|   32|          0|
    |empty_165_fu_216                                                  |   32|   0|   32|          0|
    |empty_166_fu_220                                                  |   32|   0|   32|          0|
    |empty_167_fu_224                                                  |   32|   0|   32|          0|
    |empty_168_fu_228                                                  |   32|   0|   32|          0|
    |empty_169_fu_232                                                  |   32|   0|   32|          0|
    |empty_170_fu_236                                                  |   32|   0|   32|          0|
    |empty_171_fu_240                                                  |   32|   0|   32|          0|
    |empty_172_fu_244                                                  |   32|   0|   32|          0|
    |empty_173_fu_248                                                  |   32|   0|   32|          0|
    |empty_174_fu_252                                                  |   32|   0|   32|          0|
    |empty_175_fu_256                                                  |   32|   0|   32|          0|
    |empty_176_fu_260                                                  |   32|   0|   32|          0|
    |empty_177_fu_264                                                  |   32|   0|   32|          0|
    |empty_178_fu_268                                                  |   32|   0|   32|          0|
    |empty_179_fu_272                                                  |   32|   0|   32|          0|
    |empty_180_fu_276                                                  |   32|   0|   32|          0|
    |empty_181_fu_280                                                  |   32|   0|   32|          0|
    |empty_182_fu_284                                                  |   32|   0|   32|          0|
    |empty_183_fu_288                                                  |   32|   0|   32|          0|
    |empty_184_fu_292                                                  |   32|   0|   32|          0|
    |empty_185_fu_296                                                  |   32|   0|   32|          0|
    |empty_186_fu_300                                                  |   32|   0|   32|          0|
    |empty_187_fu_304                                                  |   32|   0|   32|          0|
    |empty_188_fu_308                                                  |   32|   0|   32|          0|
    |empty_189_fu_312                                                  |   32|   0|   32|          0|
    |empty_190_fu_316                                                  |   32|   0|   32|          0|
    |empty_191_fu_772                                                  |   32|   0|   32|          0|
    |empty_192_fu_776                                                  |   32|   0|   32|          0|
    |empty_193_fu_780                                                  |   32|   0|   32|          0|
    |empty_194_fu_784                                                  |   32|   0|   32|          0|
    |empty_195_fu_788                                                  |   32|   0|   32|          0|
    |empty_196_fu_792                                                  |   32|   0|   32|          0|
    |empty_197_fu_796                                                  |   32|   0|   32|          0|
    |empty_198_fu_800                                                  |   32|   0|   32|          0|
    |empty_199_fu_804                                                  |   32|   0|   32|          0|
    |empty_200_fu_808                                                  |   32|   0|   32|          0|
    |empty_201_fu_812                                                  |   32|   0|   32|          0|
    |empty_202_fu_816                                                  |   32|   0|   32|          0|
    |empty_203_fu_820                                                  |   32|   0|   32|          0|
    |empty_204_fu_824                                                  |   32|   0|   32|          0|
    |empty_205_fu_828                                                  |   32|   0|   32|          0|
    |empty_206_fu_832                                                  |   32|   0|   32|          0|
    |empty_207_fu_836                                                  |   32|   0|   32|          0|
    |empty_208_fu_840                                                  |   32|   0|   32|          0|
    |empty_209_fu_844                                                  |   32|   0|   32|          0|
    |empty_210_fu_848                                                  |   32|   0|   32|          0|
    |empty_211_fu_852                                                  |   32|   0|   32|          0|
    |empty_212_fu_856                                                  |   32|   0|   32|          0|
    |empty_213_fu_860                                                  |   32|   0|   32|          0|
    |empty_214_fu_864                                                  |   32|   0|   32|          0|
    |empty_215_fu_868                                                  |   32|   0|   32|          0|
    |empty_216_fu_872                                                  |   32|   0|   32|          0|
    |empty_217_fu_876                                                  |   32|   0|   32|          0|
    |empty_218_fu_880                                                  |   32|   0|   32|          0|
    |empty_219_fu_884                                                  |   32|   0|   32|          0|
    |empty_220_fu_888                                                  |   32|   0|   32|          0|
    |empty_221_fu_892                                                  |   32|   0|   32|          0|
    |empty_222_fu_896                                                  |   32|   0|   32|          0|
    |empty_223_fu_900                                                  |   32|   0|   32|          0|
    |empty_224_fu_904                                                  |   32|   0|   32|          0|
    |empty_225_fu_908                                                  |   32|   0|   32|          0|
    |empty_226_fu_912                                                  |   32|   0|   32|          0|
    |empty_227_fu_916                                                  |   32|   0|   32|          0|
    |empty_228_fu_920                                                  |   32|   0|   32|          0|
    |empty_229_fu_924                                                  |   32|   0|   32|          0|
    |empty_230_fu_928                                                  |   32|   0|   32|          0|
    |empty_231_fu_932                                                  |   32|   0|   32|          0|
    |empty_232_fu_936                                                  |   32|   0|   32|          0|
    |empty_233_fu_940                                                  |   32|   0|   32|          0|
    |empty_234_fu_944                                                  |   32|   0|   32|          0|
    |empty_235_fu_948                                                  |   32|   0|   32|          0|
    |empty_236_fu_952                                                  |   32|   0|   32|          0|
    |empty_237_fu_956                                                  |   32|   0|   32|          0|
    |empty_238_fu_960                                                  |   32|   0|   32|          0|
    |empty_239_fu_964                                                  |   32|   0|   32|          0|
    |empty_240_fu_968                                                  |   32|   0|   32|          0|
    |empty_241_fu_972                                                  |   32|   0|   32|          0|
    |empty_242_fu_976                                                  |   32|   0|   32|          0|
    |empty_243_fu_980                                                  |   32|   0|   32|          0|
    |empty_244_fu_984                                                  |   32|   0|   32|          0|
    |empty_245_fu_988                                                  |   32|   0|   32|          0|
    |empty_246_fu_992                                                  |   32|   0|   32|          0|
    |empty_247_reg_1050                                                |   32|   0|   32|          0|
    |empty_248_reg_1060                                                |   32|   0|   32|          0|
    |empty_249_reg_1070                                                |   32|   0|   32|          0|
    |empty_250_reg_1080                                                |   32|   0|   32|          0|
    |empty_251_reg_1090                                                |   32|   0|   32|          0|
    |empty_252_reg_1100                                                |   32|   0|   32|          0|
    |empty_253_reg_1110                                                |   32|   0|   32|          0|
    |empty_254_reg_1120                                                |   32|   0|   32|          0|
    |empty_255_reg_1130                                                |   32|   0|   32|          0|
    |empty_256_reg_1140                                                |   32|   0|   32|          0|
    |empty_257_reg_1150                                                |   32|   0|   32|          0|
    |empty_258_reg_1160                                                |   32|   0|   32|          0|
    |empty_259_reg_1170                                                |   32|   0|   32|          0|
    |empty_260_reg_1180                                                |   32|   0|   32|          0|
    |empty_261_reg_1190                                                |   32|   0|   32|          0|
    |empty_262_reg_1200                                                |   32|   0|   32|          0|
    |empty_263_reg_1210                                                |   32|   0|   32|          0|
    |empty_264_reg_1220                                                |   32|   0|   32|          0|
    |empty_265_reg_1230                                                |   32|   0|   32|          0|
    |empty_266_reg_1240                                                |   32|   0|   32|          0|
    |empty_267_reg_1250                                                |   32|   0|   32|          0|
    |empty_268_reg_1260                                                |   32|   0|   32|          0|
    |empty_269_reg_1270                                                |   32|   0|   32|          0|
    |empty_270_reg_1280                                                |   32|   0|   32|          0|
    |empty_271_reg_1290                                                |   32|   0|   32|          0|
    |empty_272_reg_1300                                                |   32|   0|   32|          0|
    |empty_273_reg_1310                                                |   32|   0|   32|          0|
    |empty_274_reg_1320                                                |   32|   0|   32|          0|
    |empty_275_reg_1330                                                |   32|   0|   32|          0|
    |empty_276_reg_1340                                                |   32|   0|   32|          0|
    |empty_277_reg_1350                                                |   32|   0|   32|          0|
    |empty_278_reg_1360                                                |   32|   0|   32|          0|
    |empty_279_reg_1370                                                |   32|   0|   32|          0|
    |empty_280_reg_1380                                                |   32|   0|   32|          0|
    |empty_281_reg_1390                                                |   32|   0|   32|          0|
    |empty_282_reg_1400                                                |   32|   0|   32|          0|
    |empty_283_reg_1410                                                |   32|   0|   32|          0|
    |empty_284_reg_1420                                                |   32|   0|   32|          0|
    |empty_285_reg_1430                                                |   32|   0|   32|          0|
    |empty_286_reg_1440                                                |   32|   0|   32|          0|
    |empty_287_reg_1450                                                |   32|   0|   32|          0|
    |empty_288_reg_1460                                                |   32|   0|   32|          0|
    |empty_289_reg_1470                                                |   32|   0|   32|          0|
    |empty_290_reg_1480                                                |   32|   0|   32|          0|
    |empty_291_reg_1490                                                |   32|   0|   32|          0|
    |empty_292_reg_1500                                                |   32|   0|   32|          0|
    |empty_293_reg_1510                                                |   32|   0|   32|          0|
    |empty_294_reg_1520                                                |   32|   0|   32|          0|
    |empty_295_reg_1541                                                |   32|   0|   32|          0|
    |empty_296_reg_1559                                                |   32|   0|   32|          0|
    |empty_297_reg_1577                                                |   32|   0|   32|          0|
    |empty_298_reg_1595                                                |   32|   0|   32|          0|
    |empty_299_reg_1613                                                |   32|   0|   32|          0|
    |empty_300_reg_1631                                                |   32|   0|   32|          0|
    |empty_301_reg_1649                                                |   32|   0|   32|          0|
    |empty_302_reg_1667                                                |   32|   0|   32|          0|
    |empty_303_reg_1685                                                |   32|   0|   32|          0|
    |empty_304_reg_1703                                                |   32|   0|   32|          0|
    |empty_305_reg_1721                                                |   32|   0|   32|          0|
    |empty_306_reg_1739                                                |   32|   0|   32|          0|
    |empty_307_reg_1757                                                |   32|   0|   32|          0|
    |empty_308_reg_1775                                                |   32|   0|   32|          0|
    |empty_309_reg_1793                                                |   32|   0|   32|          0|
    |empty_310_reg_1811                                                |   32|   0|   32|          0|
    |empty_311_reg_1829                                                |   32|   0|   32|          0|
    |empty_312_reg_1847                                                |   32|   0|   32|          0|
    |empty_313_reg_1865                                                |   32|   0|   32|          0|
    |empty_314_reg_1883                                                |   32|   0|   32|          0|
    |empty_315_reg_1901                                                |   32|   0|   32|          0|
    |empty_316_reg_1919                                                |   32|   0|   32|          0|
    |empty_317_reg_1937                                                |   32|   0|   32|          0|
    |empty_318_reg_1955                                                |   32|   0|   32|          0|
    |empty_319_reg_1973                                                |   32|   0|   32|          0|
    |empty_320_reg_1991                                                |   32|   0|   32|          0|
    |empty_321_reg_2009                                                |   32|   0|   32|          0|
    |empty_322_reg_2027                                                |   32|   0|   32|          0|
    |empty_323_reg_2045                                                |   32|   0|   32|          0|
    |empty_324_reg_2063                                                |   32|   0|   32|          0|
    |empty_325_reg_2081                                                |   32|   0|   32|          0|
    |empty_326_reg_2099                                                |   32|   0|   32|          0|
    |empty_327_reg_2117                                                |   32|   0|   32|          0|
    |empty_328_reg_2135                                                |   32|   0|   32|          0|
    |empty_329_reg_2153                                                |   32|   0|   32|          0|
    |empty_330_reg_2171                                                |   32|   0|   32|          0|
    |empty_331_reg_2189                                                |   32|   0|   32|          0|
    |empty_332_reg_2207                                                |   32|   0|   32|          0|
    |empty_333_reg_2225                                                |   32|   0|   32|          0|
    |empty_334_reg_2243                                                |   32|   0|   32|          0|
    |empty_335_reg_2261                                                |   32|   0|   32|          0|
    |empty_336_reg_2279                                                |   32|   0|   32|          0|
    |empty_337_reg_2297                                                |   32|   0|   32|          0|
    |empty_338_reg_2315                                                |   32|   0|   32|          0|
    |empty_339_reg_2333                                                |   32|   0|   32|          0|
    |empty_340_reg_2351                                                |   32|   0|   32|          0|
    |empty_341_reg_2369                                                |   32|   0|   32|          0|
    |empty_342_reg_2387                                                |   32|   0|   32|          0|
    |empty_fu_128                                                      |   32|   0|   32|          0|
    |grp_sampleSIM_Pipeline_loop_path_loop_share_fu_2411_ap_start_reg  |    1|   0|    1|          0|
    |icmp_ln141_1_reg_6963                                             |    1|   0|    1|          0|
    |icmp_ln141_2_reg_6990                                             |    1|   0|    1|          0|
    |icmp_ln141_3_reg_6995                                             |    1|   0|    1|          0|
    |icmp_ln141_4_reg_7022                                             |    1|   0|    1|          0|
    |icmp_ln141_5_reg_7027                                             |    1|   0|    1|          0|
    |icmp_ln141_6_reg_7054                                             |    1|   0|    1|          0|
    |icmp_ln141_7_reg_7059                                             |    1|   0|    1|          0|
    |icmp_ln141_reg_6958                                               |    1|   0|    1|          0|
    |j_2_reg_6591                                                      |   10|   0|   10|          0|
    |j_fu_736                                                          |   10|   0|   10|          0|
    |logPrice_reg_5986                                                 |   32|   0|   32|          0|
    |mt_rng_index_0_0_fu_740                                           |   32|   0|   32|          0|
    |mt_rng_index_1_0_fu_748                                           |   32|   0|   32|          0|
    |mt_rng_index_2_0_fu_756                                           |   32|   0|   32|          0|
    |mt_rng_index_3_0_fu_764                                           |   32|   0|   32|          0|
    |mt_rng_seed_0_0_fu_744                                            |   32|   0|   32|          0|
    |mt_rng_seed_1_0_fu_752                                            |   32|   0|   32|          0|
    |mt_rng_seed_2_0_fu_760                                            |   32|   0|   32|          0|
    |mt_rng_seed_3_0_fu_768                                            |   32|   0|   32|          0|
    |ratio2_reg_6583                                                   |   32|   0|   32|          0|
    |reg_2697                                                          |   32|   0|   32|          0|
    |reg_2707                                                          |   32|   0|   32|          0|
    |reg_2713                                                          |   32|   0|   32|          0|
    |reg_2720                                                          |   32|   0|   32|          0|
    |reg_2728                                                          |   32|   0|   32|          0|
    |reg_2734                                                          |   32|   0|   32|          0|
    |reg_2740                                                          |   32|   0|   32|          0|
    |reg_2745                                                          |   32|   0|   32|          0|
    |reg_2751                                                          |   32|   0|   32|          0|
    |reg_2757                                                          |   32|   0|   32|          0|
    |reg_2763                                                          |   32|   0|   32|          0|
    |reg_2769                                                          |   32|   0|   32|          0|
    |reg_2775                                                          |   32|   0|   32|          0|
    |reg_2781                                                          |   32|   0|   32|          0|
    |reg_2787                                                          |   32|   0|   32|          0|
    |s_1_reg_1530                                                      |    3|   0|    3|          0|
    |s_fu_124                                                          |    3|   0|    3|          0|
    |select_ln141_1_reg_6979                                           |   32|   0|   32|          0|
    |select_ln141_2_reg_7006                                           |   32|   0|   32|          0|
    |select_ln141_3_reg_7011                                           |   32|   0|   32|          0|
    |select_ln141_4_reg_7038                                           |   32|   0|   32|          0|
    |select_ln141_5_reg_7043                                           |   32|   0|   32|          0|
    |select_ln141_6_reg_7070                                           |   32|   0|   32|          0|
    |select_ln141_7_reg_7075                                           |   32|   0|   32|          0|
    |select_ln141_reg_6974                                             |   32|   0|   32|          0|
    |trunc_ln140_reg_6945                                              |    2|   0|    2|          0|
    |volInit_reg_6054                                                  |   32|   0|   32|          0|
    |xor_ln73_reg_6764                                                 |   32|   0|   32|          0|
    +------------------------------------------------------------------+-----+----+-----+-----------+
    |Total                                                             | 7786|   0| 7786|          0|
    +------------------------------------------------------------------+-----+----+-----+-----------+



================================================================
== Interface
================================================================
* Summary: 
+---------------------------+-----+-----+------------+---------------------------+--------------+
|         RTL Ports         | Dir | Bits|  Protocol  |       Source Object       |    C Type    |
+---------------------------+-----+-----+------------+---------------------------+--------------+
|ap_clk                     |   in|    1|  ap_ctrl_hs|                  sampleSIM|  return value|
|ap_rst                     |   in|    1|  ap_ctrl_hs|                  sampleSIM|  return value|
|ap_start                   |   in|    1|  ap_ctrl_hs|                  sampleSIM|  return value|
|ap_done                    |  out|    1|  ap_ctrl_hs|                  sampleSIM|  return value|
|ap_idle                    |  out|    1|  ap_ctrl_hs|                  sampleSIM|  return value|
|ap_ready                   |  out|    1|  ap_ctrl_hs|                  sampleSIM|  return value|
|ap_return_0                |  out|   32|  ap_ctrl_hs|                  sampleSIM|  return value|
|ap_return_1                |  out|   32|  ap_ctrl_hs|                  sampleSIM|  return value|
|this_data_timeT_val        |   in|   32|     ap_none|        this_data_timeT_val|        scalar|
|this_data_freeRate_val     |   in|   32|     ap_none|     this_data_freeRate_val|        scalar|
|this_data_initPrice_val    |   in|   32|     ap_none|    this_data_initPrice_val|        scalar|
|this_data_strikePrice_val  |   in|   32|     ap_none|  this_data_strikePrice_val|        scalar|
|this_vol_expect_val        |   in|   32|     ap_none|        this_vol_expect_val|        scalar|
|this_vol_kappa_val         |   in|   32|     ap_none|         this_vol_kappa_val|        scalar|
|p_read                     |   in|   32|     ap_none|                     p_read|        scalar|
|this_vol_initValue_val     |   in|   32|     ap_none|     this_vol_initValue_val|        scalar|
|this_vol_correlation_val   |   in|   32|     ap_none|   this_vol_correlation_val|        scalar|
|mt_rng_mt_e_0_address0     |  out|    9|   ap_memory|              mt_rng_mt_e_0|         array|
|mt_rng_mt_e_0_ce0          |  out|    1|   ap_memory|              mt_rng_mt_e_0|         array|
|mt_rng_mt_e_0_we0          |  out|    1|   ap_memory|              mt_rng_mt_e_0|         array|
|mt_rng_mt_e_0_d0           |  out|   32|   ap_memory|              mt_rng_mt_e_0|         array|
|mt_rng_mt_e_0_q0           |   in|   32|   ap_memory|              mt_rng_mt_e_0|         array|
|mt_rng_mt_e_0_address1     |  out|    9|   ap_memory|              mt_rng_mt_e_0|         array|
|mt_rng_mt_e_0_ce1          |  out|    1|   ap_memory|              mt_rng_mt_e_0|         array|
|mt_rng_mt_e_0_q1           |   in|   32|   ap_memory|              mt_rng_mt_e_0|         array|
|mt_rng_mt_e_1_address0     |  out|    9|   ap_memory|              mt_rng_mt_e_1|         array|
|mt_rng_mt_e_1_ce0          |  out|    1|   ap_memory|              mt_rng_mt_e_1|         array|
|mt_rng_mt_e_1_we0          |  out|    1|   ap_memory|              mt_rng_mt_e_1|         array|
|mt_rng_mt_e_1_d0           |  out|   32|   ap_memory|              mt_rng_mt_e_1|         array|
|mt_rng_mt_e_1_q0           |   in|   32|   ap_memory|              mt_rng_mt_e_1|         array|
|mt_rng_mt_e_1_address1     |  out|    9|   ap_memory|              mt_rng_mt_e_1|         array|
|mt_rng_mt_e_1_ce1          |  out|    1|   ap_memory|              mt_rng_mt_e_1|         array|
|mt_rng_mt_e_1_q1           |   in|   32|   ap_memory|              mt_rng_mt_e_1|         array|
|mt_rng_mt_e_2_address0     |  out|    9|   ap_memory|              mt_rng_mt_e_2|         array|
|mt_rng_mt_e_2_ce0          |  out|    1|   ap_memory|              mt_rng_mt_e_2|         array|
|mt_rng_mt_e_2_we0          |  out|    1|   ap_memory|              mt_rng_mt_e_2|         array|
|mt_rng_mt_e_2_d0           |  out|   32|   ap_memory|              mt_rng_mt_e_2|         array|
|mt_rng_mt_e_2_q0           |   in|   32|   ap_memory|              mt_rng_mt_e_2|         array|
|mt_rng_mt_e_2_address1     |  out|    9|   ap_memory|              mt_rng_mt_e_2|         array|
|mt_rng_mt_e_2_ce1          |  out|    1|   ap_memory|              mt_rng_mt_e_2|         array|
|mt_rng_mt_e_2_q1           |   in|   32|   ap_memory|              mt_rng_mt_e_2|         array|
|mt_rng_mt_e_3_address0     |  out|    9|   ap_memory|              mt_rng_mt_e_3|         array|
|mt_rng_mt_e_3_ce0          |  out|    1|   ap_memory|              mt_rng_mt_e_3|         array|
|mt_rng_mt_e_3_we0          |  out|    1|   ap_memory|              mt_rng_mt_e_3|         array|
|mt_rng_mt_e_3_d0           |  out|   32|   ap_memory|              mt_rng_mt_e_3|         array|
|mt_rng_mt_e_3_q0           |   in|   32|   ap_memory|              mt_rng_mt_e_3|         array|
|mt_rng_mt_e_3_address1     |  out|    9|   ap_memory|              mt_rng_mt_e_3|         array|
|mt_rng_mt_e_3_ce1          |  out|    1|   ap_memory|              mt_rng_mt_e_3|         array|
|mt_rng_mt_e_3_q1           |   in|   32|   ap_memory|              mt_rng_mt_e_3|         array|
|mt_rng_mt_o_0_address0     |  out|    9|   ap_memory|              mt_rng_mt_o_0|         array|
|mt_rng_mt_o_0_ce0          |  out|    1|   ap_memory|              mt_rng_mt_o_0|         array|
|mt_rng_mt_o_0_we0          |  out|    1|   ap_memory|              mt_rng_mt_o_0|         array|
|mt_rng_mt_o_0_d0           |  out|   32|   ap_memory|              mt_rng_mt_o_0|         array|
|mt_rng_mt_o_0_q0           |   in|   32|   ap_memory|              mt_rng_mt_o_0|         array|
|mt_rng_mt_o_0_address1     |  out|    9|   ap_memory|              mt_rng_mt_o_0|         array|
|mt_rng_mt_o_0_ce1          |  out|    1|   ap_memory|              mt_rng_mt_o_0|         array|
|mt_rng_mt_o_0_q1           |   in|   32|   ap_memory|              mt_rng_mt_o_0|         array|
|mt_rng_mt_o_1_address0     |  out|    9|   ap_memory|              mt_rng_mt_o_1|         array|
|mt_rng_mt_o_1_ce0          |  out|    1|   ap_memory|              mt_rng_mt_o_1|         array|
|mt_rng_mt_o_1_we0          |  out|    1|   ap_memory|              mt_rng_mt_o_1|         array|
|mt_rng_mt_o_1_d0           |  out|   32|   ap_memory|              mt_rng_mt_o_1|         array|
|mt_rng_mt_o_1_q0           |   in|   32|   ap_memory|              mt_rng_mt_o_1|         array|
|mt_rng_mt_o_1_address1     |  out|    9|   ap_memory|              mt_rng_mt_o_1|         array|
|mt_rng_mt_o_1_ce1          |  out|    1|   ap_memory|              mt_rng_mt_o_1|         array|
|mt_rng_mt_o_1_q1           |   in|   32|   ap_memory|              mt_rng_mt_o_1|         array|
|mt_rng_mt_o_2_address0     |  out|    9|   ap_memory|              mt_rng_mt_o_2|         array|
|mt_rng_mt_o_2_ce0          |  out|    1|   ap_memory|              mt_rng_mt_o_2|         array|
|mt_rng_mt_o_2_we0          |  out|    1|   ap_memory|              mt_rng_mt_o_2|         array|
|mt_rng_mt_o_2_d0           |  out|   32|   ap_memory|              mt_rng_mt_o_2|         array|
|mt_rng_mt_o_2_q0           |   in|   32|   ap_memory|              mt_rng_mt_o_2|         array|
|mt_rng_mt_o_2_address1     |  out|    9|   ap_memory|              mt_rng_mt_o_2|         array|
|mt_rng_mt_o_2_ce1          |  out|    1|   ap_memory|              mt_rng_mt_o_2|         array|
|mt_rng_mt_o_2_q1           |   in|   32|   ap_memory|              mt_rng_mt_o_2|         array|
|mt_rng_mt_o_3_address0     |  out|    9|   ap_memory|              mt_rng_mt_o_3|         array|
|mt_rng_mt_o_3_ce0          |  out|    1|   ap_memory|              mt_rng_mt_o_3|         array|
|mt_rng_mt_o_3_we0          |  out|    1|   ap_memory|              mt_rng_mt_o_3|         array|
|mt_rng_mt_o_3_d0           |  out|   32|   ap_memory|              mt_rng_mt_o_3|         array|
|mt_rng_mt_o_3_q0           |   in|   32|   ap_memory|              mt_rng_mt_o_3|         array|
|mt_rng_mt_o_3_address1     |  out|    9|   ap_memory|              mt_rng_mt_o_3|         array|
|mt_rng_mt_o_3_ce1          |  out|    1|   ap_memory|              mt_rng_mt_o_3|         array|
|mt_rng_mt_o_3_q1           |   in|   32|   ap_memory|              mt_rng_mt_o_3|         array|
+---------------------------+-----+-----+------------+---------------------------+--------------+

