

================================================================
== Vitis HLS Report for 'sin_or_cos_float_s'
================================================================
* Date:           Mon Nov 10 19:25:53 2025

* Version:        2023.2 (Build 4023990 on Oct 11 2023)
* Project:        hestonEuro_hls
* Solution:       solution1 (Vivado IP Flow Target)
* Product family: zynquplus
* Target device:  xczu9eg-ffvb1156-2-e


================================================================
== Performance Estimates
================================================================
+ Timing: 
    * Summary: 
    +--------+----------+----------+------------+
    |  Clock |  Target  | Estimated| Uncertainty|
    +--------+----------+----------+------------+
    |ap_clk  |  10.00 ns|  6.767 ns|     2.70 ns|
    +--------+----------+----------+------------+

+ Latency: 
    * Summary: 
    +---------+---------+-----------+-----------+-----+-----+---------+
    |  Latency (cycles) |   Latency (absolute)  |  Interval | Pipeline|
    |   min   |   max   |    min    |    max    | min | max |   Type  |
    +---------+---------+-----------+-----------+-----+-----+---------+
    |        5|        5|  50.000 ns|  50.000 ns|    1|    1|      yes|
    +---------+---------+-----------+-----------+-----+-----+---------+

    + Detail: 
        * Instance: 
        N/A

        * Loop: 
        N/A



================================================================
== Utilization Estimates
================================================================
* Summary: 
+-----------------+---------+------+--------+--------+-----+
|       Name      | BRAM_18K|  DSP |   FF   |   LUT  | URAM|
+-----------------+---------+------+--------+--------+-----+
|DSP              |        -|     -|       -|       -|    -|
|Expression       |        -|     -|       0|    1618|    -|
|FIFO             |        -|     -|       -|       -|    -|
|Instance         |        -|    13|       0|     329|    -|
|Memory           |        -|     -|     168|     293|    -|
|Multiplexer      |        -|     -|       -|       -|    -|
|Register         |        -|     -|     686|     160|    -|
+-----------------+---------+------+--------+--------+-----+
|Total            |        0|    13|     854|    2400|    0|
+-----------------+---------+------+--------+--------+-----+
|Available        |     1824|  2520|  548160|  274080|    0|
+-----------------+---------+------+--------+--------+-----+
|Utilization (%)  |        0|    ~0|      ~0|      ~0|    0|
+-----------------+---------+------+--------+--------+-----+

+ Detail: 
    * Instance: 
    +-------------------------+----------------------+---------+----+---+----+-----+
    |         Instance        |        Module        | BRAM_18K| DSP| FF| LUT| URAM|
    +-------------------------+----------------------+---------+----+---+----+-----+
    |mul_15ns_15ns_30_1_1_U8  |mul_15ns_15ns_30_1_1  |        0|   1|  0|   5|    0|
    |mul_15ns_15s_30_1_1_U9   |mul_15ns_15s_30_1_1   |        0|   1|  0|   5|    0|
    |mul_23s_22ns_45_1_1_U2   |mul_23s_22ns_45_1_1   |        0|   2|  0|  31|    0|
    |mul_30s_29ns_58_1_1_U3   |mul_30s_29ns_58_1_1   |        0|   4|  0|  25|    0|
    |mul_80s_24ns_80_1_1_U4   |mul_80s_24ns_80_1_1   |        0|   5|  0|  90|    0|
    |sparsemux_17_3_1_1_1_U5  |sparsemux_17_3_1_1_1  |        0|   0|  0|  43|    0|
    |sparsemux_33_4_1_1_1_U6  |sparsemux_33_4_1_1_1  |        0|   0|  0|  65|    0|
    |sparsemux_33_4_1_1_1_U7  |sparsemux_33_4_1_1_1  |        0|   0|  0|  65|    0|
    +-------------------------+----------------------+---------+----+---+----+-----+
    |Total                    |                      |        0|  13|  0| 329|    0|
    +-------------------------+----------------------+---------+----+---+----+-----+

    * DSP: 
    N/A

    * Memory: 
    +---------------------------------+-------------------------------------------------------------------+---------+-----+-----+-----+------+-----+------+-------------+
    |              Memory             |                               Module                              | BRAM_18K|  FF | LUT | URAM| Words| Bits| Banks| W*Bits*Banks|
    +---------------------------------+-------------------------------------------------------------------+---------+-----+-----+-----+------+-----+------+-------------+
    |ref_4oPi_table_100_U             |sin_or_cos_float_s_ref_4oPi_table_100_ROM_1P_LUTRAM_1R             |        0|  100|   21|    0|    13|  100|     1|         1300|
    |second_order_float_sin_cos_K0_U  |sin_or_cos_float_s_second_order_float_sin_cos_K0_ROM_1P_LUTRAM_1R  |        0|   30|  120|    0|   256|   30|     1|         7680|
    |second_order_float_sin_cos_K1_U  |sin_or_cos_float_s_second_order_float_sin_cos_K1_ROM_1P_LUTRAM_1R  |        0|   23|   92|    0|   256|   23|     1|         5888|
    |second_order_float_sin_cos_K2_U  |sin_or_cos_float_s_second_order_float_sin_cos_K2_ROM_1P_LUTRAM_1R  |        0|   15|   60|    0|   256|   15|     1|         3840|
    +---------------------------------+-------------------------------------------------------------------+---------+-----+-----+-----+------+-----+------+-------------+
    |Total                            |                                                                   |        0|  168|  293|    0|   781|  168|     4|        18708|
    +---------------------------------+-------------------------------------------------------------------+---------+-----+-----+-----+------+-----+------+-------------+

    * FIFO: 
    N/A

    * Expression: 
    +---------------------------+----------+----+---+-----+------------+------------+
    |       Variable Name       | Operation| DSP| FF| LUT | Bitwidth P0| Bitwidth P1|
    +---------------------------+----------+----+---+-----+------------+------------+
    |Ex_fu_504_p2               |         +|   0|  0|   15|           8|           8|
    |add_ln290_fu_1126_p2       |         +|   0|  0|   39|          32|           5|
    |add_ln300_fu_1150_p2       |         +|   0|  0|   16|           9|           7|
    |add_ln32_1_fu_1000_p2      |         +|   0|  0|   30|          30|          30|
    |add_ln32_fu_990_p2         |         +|   0|  0|   30|          30|          30|
    |add_ln376_fu_330_p2        |         +|   0|  0|   15|           8|           7|
    |Ex_1_fu_543_p2             |         -|   0|  0|   15|           8|           8|
    |Mx_bits_1_fu_433_p2        |         -|   0|  0|   65|           1|          58|
    |newexp_fu_1160_p2          |         -|   0|  0|   39|          32|          32|
    |sub_ln506_fu_557_p2        |         -|   0|  0|   15|           1|           8|
    |and_ln271_1_fu_1252_p2     |       and|   0|  0|    2|           1|           1|
    |and_ln271_fu_870_p2        |       and|   0|  0|    2|           1|           1|
    |and_ln451_fu_427_p2        |       and|   0|  0|    2|           1|           1|
    |results_sign_2_fu_880_p2   |       and|   0|  0|    2|           1|           1|
    |results_sign_3_fu_896_p2   |       and|   0|  0|    2|           1|           1|
    |closepath_fu_324_p2        |      icmp|   0|  0|   15|           8|           7|
    |icmp_ln271_1_fu_499_p2     |      icmp|   0|  0|   30|          23|           1|
    |icmp_ln271_fu_865_p2       |      icmp|   0|  0|   15|           8|           1|
    |icmp_ln282_fu_885_p2       |      icmp|   0|  0|   15|           8|           2|
    |icmp_ln292_fu_1120_p2      |      icmp|   0|  0|   39|          32|           5|
    |icmp_ln306_fu_1174_p2      |      icmp|   0|  0|   36|          29|           1|
    |lshr_ln506_fu_579_p2       |      lshr|   0|  0|   96|          32|          32|
    |or_ln271_fu_1270_p2        |        or|   0|  0|    2|           1|           1|
    |or_ln282_fu_1232_p2        |        or|   0|  0|    2|           1|           1|
    |or_ln306_fu_1180_p2        |        or|   0|  0|    2|           1|           1|
    |Ex_2_fu_1006_p3            |    select|   0|  0|    8|           1|           1|
    |Mx_1_fu_656_p3             |    select|   0|  0|   29|           1|           2|
    |Mx_bits_3_fu_439_p3        |    select|   0|  0|   57|           1|          58|
    |addr_fu_336_p3             |    select|   0|  0|    8|           1|           6|
    |cos_basis_fu_649_p3        |    select|   0|  0|    2|           1|           1|
    |k_1_fu_516_p3              |    select|   0|  0|    3|           1|           1|
    |results_exp_1_fu_1245_p3   |    select|   0|  0|    8|           1|           8|
    |results_exp_fu_1237_p3     |    select|   0|  0|    8|           1|           8|
    |results_sig_fu_1282_p3     |    select|   0|  0|   22|           1|          23|
    |results_sign_4_fu_902_p3   |    select|   0|  0|    2|           1|           1|
    |results_sign_fu_857_p3     |    select|   0|  0|    2|           1|           1|
    |select_ln259_fu_1218_p3    |    select|   0|  0|    7|           1|           7|
    |select_ln271_3_fu_1262_p3  |    select|   0|  0|    2|           1|           2|
    |select_ln271_fu_1274_p3    |    select|   0|  0|   22|           1|           1|
    |select_ln282_fu_1225_p3    |    select|   0|  0|    2|           1|           2|
    |select_ln292_fu_1206_p3    |    select|   0|  0|   22|           1|          23|
    |select_ln453_fu_509_p3     |    select|   0|  0|    8|           1|           8|
    |select_ln506_1_fu_591_p3   |    select|   0|  0|   32|           1|          32|
    |select_ln506_fu_563_p3     |    select|   0|  0|    8|           1|           8|
    |shift_1_fu_1142_p3         |    select|   0|  0|   32|           1|          32|
    |sin_basis_fu_684_p3        |    select|   0|  0|    2|           1|           1|
    |shl_ln291_1_fu_1136_p2     |       shl|   0|  0|   96|          32|          32|
    |shl_ln291_fu_1110_p2       |       shl|   0|  0|   96|          32|          32|
    |shl_ln379_fu_366_p2        |       shl|   0|  0|  325|         100|         100|
    |shl_ln504_fu_528_p2        |       shl|   0|  0|  166|          58|          58|
    |shl_ln506_fu_585_p2        |       shl|   0|  0|   96|          32|          32|
    |ap_enable_pp0              |       xor|   0|  0|    2|           1|           2|
    |xor_ln242_fu_643_p2        |       xor|   0|  0|    2|           1|           2|
    |xor_ln271_fu_1256_p2       |       xor|   0|  0|    2|           2|           1|
    |xor_ln278_fu_875_p2        |       xor|   0|  0|    2|           1|           2|
    |xor_ln282_fu_890_p2        |       xor|   0|  0|    2|           1|           2|
    |xor_ln451_fu_422_p2        |       xor|   0|  0|    2|           1|           2|
    +---------------------------+----------+----+---+-----+------------+------------+
    |Total                      |          |   0|  0| 1618|         589|         741|
    +---------------------------+----------+----+---+-----+------------+------------+

    * Multiplexer: 
    N/A

    * Register: 
    +---------------------------------------+----+----+-----+-----------+
    |                  Name                 | FF | LUT| Bits| Const Bits|
    +---------------------------------------+----+----+-----+-----------+
    |B_reg_1379                             |  22|   0|   22|          0|
    |B_trunc_reg_1394                       |  15|   0|   15|          0|
    |Ex_1_reg_1374                          |   8|   0|    8|          0|
    |Ex_1_reg_1374_pp0_iter4_reg            |   8|   0|    8|          0|
    |Med_reg_1347                           |  80|   0|   80|          0|
    |Mx_1_reg_1389                          |  29|   0|   29|          0|
    |Mx_1_reg_1389_pp0_iter4_reg            |  29|   0|   29|          0|
    |Mx_bits_3_reg_1357                     |  58|   0|   58|          0|
    |Mx_zeros_reg_1362                      |   6|   0|    6|          0|
    |add_ln32_1_reg_1437                    |  30|   0|   30|          0|
    |and_ln271_reg_1419                     |   1|   0|    1|          0|
    |and_ln271_reg_1419_pp0_iter4_reg       |   1|   0|    1|          0|
    |ap_CS_fsm                              |   1|   0|    1|          0|
    |ap_enable_reg_pp0_iter1                |   1|   0|    1|          0|
    |ap_enable_reg_pp0_iter2                |   1|   0|    1|          0|
    |ap_enable_reg_pp0_iter3                |   1|   0|    1|          0|
    |ap_enable_reg_pp0_iter4                |   1|   0|    1|          0|
    |ap_enable_reg_pp0_iter5                |   1|   0|    1|          0|
    |closepath_reg_1330                     |   1|   0|    1|          0|
    |cos_basis_reg_1384                     |   1|   0|    1|          0|
    |cos_basis_reg_1384_pp0_iter4_reg       |   1|   0|    1|          0|
    |din_exp_reg_1317                       |   8|   0|    8|          0|
    |din_sig_reg_1324                       |  23|   0|   23|          0|
    |din_sig_reg_1324_pp0_iter1_reg         |  23|   0|   23|          0|
    |din_sign_reg_1311                      |   1|   0|    1|          0|
    |do_cos_read_reg_1303                   |   1|   0|    1|          0|
    |icmp_ln271_1_reg_1368                  |   1|   0|    1|          0|
    |icmp_ln271_reg_1414                    |   1|   0|    1|          0|
    |icmp_ln271_reg_1414_pp0_iter4_reg      |   1|   0|    1|          0|
    |icmp_ln282_reg_1425                    |   1|   0|    1|          0|
    |icmp_ln282_reg_1425_pp0_iter4_reg      |   1|   0|    1|          0|
    |k_reg_1352                             |   3|   0|    3|          0|
    |results_sign_4_reg_1432                |   1|   0|    1|          0|
    |results_sign_4_reg_1432_pp0_iter4_reg  |   1|   0|    1|          0|
    |trunc_ln379_reg_1342                   |   4|   0|    4|          0|
    |closepath_reg_1330                     |  64|  32|    1|          0|
    |din_exp_reg_1317                       |  64|  32|    8|          0|
    |din_sign_reg_1311                      |  64|  32|    1|          0|
    |do_cos_read_reg_1303                   |  64|  32|    1|          0|
    |icmp_ln271_1_reg_1368                  |  64|  32|    1|          0|
    +---------------------------------------+----+----+-----+-----------+
    |Total                                  | 686| 160|  378|          0|
    +---------------------------------------+----+----+-----+-----------+



================================================================
== Interface
================================================================
* Summary: 
+-----------+-----+-----+------------+-------------------+--------------+
| RTL Ports | Dir | Bits|  Protocol  |   Source Object   |    C Type    |
+-----------+-----+-----+------------+-------------------+--------------+
|ap_clk     |   in|    1|  ap_ctrl_hs|  sin_or_cos<float>|  return value|
|ap_rst     |   in|    1|  ap_ctrl_hs|  sin_or_cos<float>|  return value|
|ap_start   |   in|    1|  ap_ctrl_hs|  sin_or_cos<float>|  return value|
|ap_done    |  out|    1|  ap_ctrl_hs|  sin_or_cos<float>|  return value|
|ap_idle    |  out|    1|  ap_ctrl_hs|  sin_or_cos<float>|  return value|
|ap_ready   |  out|    1|  ap_ctrl_hs|  sin_or_cos<float>|  return value|
|ap_ce      |   in|    1|  ap_ctrl_hs|  sin_or_cos<float>|  return value|
|ap_return  |  out|   32|  ap_ctrl_hs|  sin_or_cos<float>|  return value|
|t_in       |   in|   32|     ap_none|               t_in|        scalar|
|do_cos     |   in|    1|     ap_none|             do_cos|        scalar|
+-----------+-----+-----+------------+-------------------+--------------+

