/home/jbonfigs/EECE5698_FinalProject/heston_mc_project/solution1/.autopilot/db/heston_mc.pp.0.cpp:1329:7: warning: Added loop label VITIS_LOOP_1207_1:   [xilinx-label-all-loops]
      for (i = 0; i < __N - 1; ++i) {
      ^~~
      VITIS_LOOP_1207_1: 
/home/jbonfigs/EECE5698_FinalProject/heston_mc_project/solution1/.autopilot/db/heston_mc.pp.0.cpp:1329:7: note: FIX-IT applied suggested code changes
/home/jbonfigs/EECE5698_FinalProject/heston_mc_project/solution1/.autopilot/db/heston_mc.pp.0.cpp:2303:5: warning: Added loop label VITIS_LOOP_676_1:   [xilinx-label-all-loops]
    for (unsigned i = low; i != high; ++i) {
    ^~~
    VITIS_LOOP_676_1: 
/home/jbonfigs/EECE5698_FinalProject/heston_mc_project/solution1/.autopilot/db/heston_mc.pp.0.cpp:2303:5: note: FIX-IT applied suggested code changes
/home/jbonfigs/EECE5698_FinalProject/heston_mc_project/solution1/.autopilot/db/heston_mc.pp.0.cpp:2317:5: warning: Added loop label VITIS_LOOP_690_1:   [xilinx-label-all-loops]
    for (unsigned i = low; i != high; ++i) {
    ^~~
    VITIS_LOOP_690_1: 
/home/jbonfigs/EECE5698_FinalProject/heston_mc_project/solution1/.autopilot/db/heston_mc.pp.0.cpp:2317:5: note: FIX-IT applied suggested code changes
/home/jbonfigs/EECE5698_FinalProject/heston_mc_project/solution1/.autopilot/db/heston_mc.pp.0.cpp:2331:5: warning: Added loop label VITIS_LOOP_704_1:   [xilinx-label-all-loops]
    for (unsigned i = low; i != high; ++i) {
    ^~~
    VITIS_LOOP_704_1: 
/home/jbonfigs/EECE5698_FinalProject/heston_mc_project/solution1/.autopilot/db/heston_mc.pp.0.cpp:2331:5: note: FIX-IT applied suggested code changes
/home/jbonfigs/EECE5698_FinalProject/heston_mc_project/solution1/.autopilot/db/heston_mc.pp.0.cpp:3948:7: warning: Added loop label VITIS_LOOP_1247_1:   [xilinx-label-all-loops]
      for (i = 0; i < __N - 1; ++i) {
      ^~~
      VITIS_LOOP_1247_1: 
/home/jbonfigs/EECE5698_FinalProject/heston_mc_project/solution1/.autopilot/db/heston_mc.pp.0.cpp:3948:7: note: FIX-IT applied suggested code changes
/home/jbonfigs/EECE5698_FinalProject/heston_mc_project/solution1/.autopilot/db/heston_mc.pp.0.cpp:15747:72: error: Invalid Directive: for current device, ROM_1P + LUTRAM is invalid combination for BIND_STORAGE's option 'type + impl' [clang-diagnostic-error]
#pragma HLS BIND_STORAGE variable=fourth_order_double::sin_cos_K0 type=ROM_1P impl=LUTRAM
                                                                       ^
/home/jbonfigs/EECE5698_FinalProject/heston_mc_project/solution1/.autopilot/db/heston_mc.pp.0.cpp:15748:72: error: Invalid Directive: for current device, ROM_1P + LUTRAM is invalid combination for BIND_STORAGE's option 'type + impl' [clang-diagnostic-error]
#pragma HLS BIND_STORAGE variable=fourth_order_double::sin_cos_K1 type=ROM_1P impl=LUTRAM
                                                                       ^
/home/jbonfigs/EECE5698_FinalProject/heston_mc_project/solution1/.autopilot/db/heston_mc.pp.0.cpp:15749:72: error: Invalid Directive: for current device, ROM_1P + LUTRAM is invalid combination for BIND_STORAGE's option 'type + impl' [clang-diagnostic-error]
#pragma HLS BIND_STORAGE variable=fourth_order_double::sin_cos_K2 type=ROM_1P impl=LUTRAM
                                                                       ^
/home/jbonfigs/EECE5698_FinalProject/heston_mc_project/solution1/.autopilot/db/heston_mc.pp.0.cpp:15750:72: error: Invalid Directive: for current device, ROM_1P + LUTRAM is invalid combination for BIND_STORAGE's option 'type + impl' [clang-diagnostic-error]
#pragma HLS BIND_STORAGE variable=fourth_order_double::sin_cos_K3 type=ROM_1P impl=LUTRAM
                                                                       ^
/home/jbonfigs/EECE5698_FinalProject/heston_mc_project/solution1/.autopilot/db/heston_mc.pp.0.cpp:15751:72: error: Invalid Directive: for current device, ROM_1P + LUTRAM is invalid combination for BIND_STORAGE's option 'type + impl' [clang-diagnostic-error]
#pragma HLS BIND_STORAGE variable=fourth_order_double::sin_cos_K4 type=ROM_1P impl=LUTRAM
                                                                       ^
/home/jbonfigs/EECE5698_FinalProject/heston_mc_project/solution1/.autopilot/db/heston_mc.pp.0.cpp:15781:68: error: Invalid Directive: for current device, ROM_1P + LUTRAM is invalid combination for BIND_STORAGE's option 'type + impl' [clang-diagnostic-error]
#pragma HLS BIND_STORAGE variable=fourth_order_double::cos_K0 type=ROM_1P impl=LUTRAM
                                                                   ^
/home/jbonfigs/EECE5698_FinalProject/heston_mc_project/solution1/.autopilot/db/heston_mc.pp.0.cpp:15782:68: error: Invalid Directive: for current device, ROM_1P + LUTRAM is invalid combination for BIND_STORAGE's option 'type + impl' [clang-diagnostic-error]
#pragma HLS BIND_STORAGE variable=fourth_order_double::cos_K1 type=ROM_1P impl=LUTRAM
                                                                   ^
/home/jbonfigs/EECE5698_FinalProject/heston_mc_project/solution1/.autopilot/db/heston_mc.pp.0.cpp:15783:68: error: Invalid Directive: for current device, ROM_1P + LUTRAM is invalid combination for BIND_STORAGE's option 'type + impl' [clang-diagnostic-error]
#pragma HLS BIND_STORAGE variable=fourth_order_double::cos_K2 type=ROM_1P impl=LUTRAM
                                                                   ^
/home/jbonfigs/EECE5698_FinalProject/heston_mc_project/solution1/.autopilot/db/heston_mc.pp.0.cpp:15784:68: error: Invalid Directive: for current device, ROM_1P + LUTRAM is invalid combination for BIND_STORAGE's option 'type + impl' [clang-diagnostic-error]
#pragma HLS BIND_STORAGE variable=fourth_order_double::cos_K3 type=ROM_1P impl=LUTRAM
                                                                   ^
/home/jbonfigs/EECE5698_FinalProject/heston_mc_project/solution1/.autopilot/db/heston_mc.pp.0.cpp:15785:68: error: Invalid Directive: for current device, ROM_1P + LUTRAM is invalid combination for BIND_STORAGE's option 'type + impl' [clang-diagnostic-error]
#pragma HLS BIND_STORAGE variable=fourth_order_double::cos_K4 type=ROM_1P impl=LUTRAM
                                                                   ^
/home/jbonfigs/EECE5698_FinalProject/heston_mc_project/solution1/.autopilot/db/heston_mc.pp.0.cpp:15786:68: error: Invalid Directive: for current device, ROM_1P + LUTRAM is invalid combination for BIND_STORAGE's option 'type + impl' [clang-diagnostic-error]
#pragma HLS BIND_STORAGE variable=fourth_order_double::sin_K0 type=ROM_1P impl=LUTRAM
                                                                   ^
/home/jbonfigs/EECE5698_FinalProject/heston_mc_project/solution1/.autopilot/db/heston_mc.pp.0.cpp:15787:68: error: Invalid Directive: for current device, ROM_1P + LUTRAM is invalid combination for BIND_STORAGE's option 'type + impl' [clang-diagnostic-error]
#pragma HLS BIND_STORAGE variable=fourth_order_double::sin_K1 type=ROM_1P impl=LUTRAM
                                                                   ^
/home/jbonfigs/EECE5698_FinalProject/heston_mc_project/solution1/.autopilot/db/heston_mc.pp.0.cpp:15788:68: error: Invalid Directive: for current device, ROM_1P + LUTRAM is invalid combination for BIND_STORAGE's option 'type + impl' [clang-diagnostic-error]
#pragma HLS BIND_STORAGE variable=fourth_order_double::sin_K2 type=ROM_1P impl=LUTRAM
                                                                   ^
/home/jbonfigs/EECE5698_FinalProject/heston_mc_project/solution1/.autopilot/db/heston_mc.pp.0.cpp:15789:68: error: Invalid Directive: for current device, ROM_1P + LUTRAM is invalid combination for BIND_STORAGE's option 'type + impl' [clang-diagnostic-error]
#pragma HLS BIND_STORAGE variable=fourth_order_double::sin_K3 type=ROM_1P impl=LUTRAM
                                                                   ^
/home/jbonfigs/EECE5698_FinalProject/heston_mc_project/solution1/.autopilot/db/heston_mc.pp.0.cpp:15790:68: error: Invalid Directive: for current device, ROM_1P + LUTRAM is invalid combination for BIND_STORAGE's option 'type + impl' [clang-diagnostic-error]
#pragma HLS BIND_STORAGE variable=fourth_order_double::sin_K4 type=ROM_1P impl=LUTRAM
                                                                   ^
/home/jbonfigs/EECE5698_FinalProject/heston_mc_project/solution1/.autopilot/db/heston_mc.pp.0.cpp:15840:71: error: Invalid Directive: for current device, ROM_1P + LUTRAM is invalid combination for BIND_STORAGE's option 'type + impl' [clang-diagnostic-error]
#pragma HLS BIND_STORAGE variable=second_order_float::sin_cos_K0 type=ROM_1P impl=LUTRAM
                                                                      ^
/home/jbonfigs/EECE5698_FinalProject/heston_mc_project/solution1/.autopilot/db/heston_mc.pp.0.cpp:15841:71: error: Invalid Directive: for current device, ROM_1P + LUTRAM is invalid combination for BIND_STORAGE's option 'type + impl' [clang-diagnostic-error]
#pragma HLS BIND_STORAGE variable=second_order_float::sin_cos_K1 type=ROM_1P impl=LUTRAM
                                                                      ^
/home/jbonfigs/EECE5698_FinalProject/heston_mc_project/solution1/.autopilot/db/heston_mc.pp.0.cpp:15842:71: error: Invalid Directive: for current device, ROM_1P + LUTRAM is invalid combination for BIND_STORAGE's option 'type + impl' [clang-diagnostic-error]
#pragma HLS BIND_STORAGE variable=second_order_float::sin_cos_K2 type=ROM_1P impl=LUTRAM
                                                                      ^
/home/jbonfigs/EECE5698_FinalProject/heston_mc_project/solution1/.autopilot/db/heston_mc.pp.0.cpp:15869:67: error: Invalid Directive: for current device, ROM_1P + LUTRAM is invalid combination for BIND_STORAGE's option 'type + impl' [clang-diagnostic-error]
#pragma HLS BIND_STORAGE variable=second_order_float::cos_K0 type=ROM_1P impl=LUTRAM
                                                                  ^
/home/jbonfigs/EECE5698_FinalProject/heston_mc_project/solution1/.autopilot/db/heston_mc.pp.0.cpp:15870:67: error: Invalid Directive: for current device, ROM_1P + LUTRAM is invalid combination for BIND_STORAGE's option 'type + impl' [clang-diagnostic-error]
#pragma HLS BIND_STORAGE variable=second_order_float::cos_K1 type=ROM_1P impl=LUTRAM
                                                                  ^
/home/jbonfigs/EECE5698_FinalProject/heston_mc_project/solution1/.autopilot/db/heston_mc.pp.0.cpp:15871:67: error: Invalid Directive: for current device, ROM_1P + LUTRAM is invalid combination for BIND_STORAGE's option 'type + impl' [clang-diagnostic-error]
#pragma HLS BIND_STORAGE variable=second_order_float::cos_K2 type=ROM_1P impl=LUTRAM
                                                                  ^
/home/jbonfigs/EECE5698_FinalProject/heston_mc_project/solution1/.autopilot/db/heston_mc.pp.0.cpp:15872:67: error: Invalid Directive: for current device, ROM_1P + LUTRAM is invalid combination for BIND_STORAGE's option 'type + impl' [clang-diagnostic-error]
#pragma HLS BIND_STORAGE variable=second_order_float::sin_K0 type=ROM_1P impl=LUTRAM
                                                                  ^
/home/jbonfigs/EECE5698_FinalProject/heston_mc_project/solution1/.autopilot/db/heston_mc.pp.0.cpp:15873:67: error: Invalid Directive: for current device, ROM_1P + LUTRAM is invalid combination for BIND_STORAGE's option 'type + impl' [clang-diagnostic-error]
#pragma HLS BIND_STORAGE variable=second_order_float::sin_K1 type=ROM_1P impl=LUTRAM
                                                                  ^
/home/jbonfigs/EECE5698_FinalProject/heston_mc_project/solution1/.autopilot/db/heston_mc.pp.0.cpp:15874:67: error: Invalid Directive: for current device, ROM_1P + LUTRAM is invalid combination for BIND_STORAGE's option 'type + impl' [clang-diagnostic-error]
#pragma HLS BIND_STORAGE variable=second_order_float::sin_K2 type=ROM_1P impl=LUTRAM
                                                                  ^
/home/jbonfigs/EECE5698_FinalProject/heston_mc_project/solution1/.autopilot/db/heston_mc.pp.0.cpp:15910:73: error: Invalid Directive: for current device, ROM_1P + LUTRAM is invalid combination for BIND_STORAGE's option 'type + impl' [clang-diagnostic-error]
#pragma HLS BIND_STORAGE variable=first_order_fixed_16::sin_cos_K0 type=ROM_1P impl=LUTRAM
                                                                        ^
/home/jbonfigs/EECE5698_FinalProject/heston_mc_project/solution1/.autopilot/db/heston_mc.pp.0.cpp:15911:73: error: Invalid Directive: for current device, ROM_1P + LUTRAM is invalid combination for BIND_STORAGE's option 'type + impl' [clang-diagnostic-error]
#pragma HLS BIND_STORAGE variable=first_order_fixed_16::sin_cos_K1 type=ROM_1P impl=LUTRAM
                                                                        ^
/home/jbonfigs/EECE5698_FinalProject/heston_mc_project/solution1/.autopilot/db/heston_mc.pp.0.cpp:16185:5: warning: Added loop label VITIS_LOOP_61_1:   [xilinx-label-all-loops]
    for (int n=0; n<Nmax; n++){
    ^~~
    VITIS_LOOP_61_1: 
/home/jbonfigs/EECE5698_FinalProject/heston_mc_project/solution1/.autopilot/db/heston_mc.pp.0.cpp:16185:5: note: FIX-IT applied suggested code changes
/home/jbonfigs/EECE5698_FinalProject/heston_mc_project/solution1/.autopilot/db/heston_mc.pp.0.cpp:16231:5: warning: Added loop label VITIS_LOOP_117_1:   [xilinx-label-all-loops]
    for (int n=0; n<Nmax; n++){
    ^~~
    VITIS_LOOP_117_1: 
/home/jbonfigs/EECE5698_FinalProject/heston_mc_project/solution1/.autopilot/db/heston_mc.pp.0.cpp:16231:5: note: FIX-IT applied suggested code changes
/home/jbonfigs/EECE5698_FinalProject/heston_mc_project/solution1/.autopilot/db/heston_mc.pp.0.cpp:16394:9: warning: Added loop label VITIS_LOOP_289_1:   [xilinx-label-all-loops]
        for(int i=0;i<W-1;i++){
        ^~~
        VITIS_LOOP_289_1: 
/home/jbonfigs/EECE5698_FinalProject/heston_mc_project/solution1/.autopilot/db/heston_mc.pp.0.cpp:16394:9: note: FIX-IT applied suggested code changes
/home/jbonfigs/EECE5698_FinalProject/heston_mc_project/solution1/.autopilot/db/heston_mc.pp.0.cpp:16546:9: warning: Added loop label VITIS_LOOP_449_1:   [xilinx-label-all-loops]
        for(int i=0;i<W-1;i++){
        ^~~
        VITIS_LOOP_449_1: 
/home/jbonfigs/EECE5698_FinalProject/heston_mc_project/solution1/.autopilot/db/heston_mc.pp.0.cpp:16546:9: note: FIX-IT applied suggested code changes
/home/jbonfigs/EECE5698_FinalProject/heston_mc_project/solution1/.autopilot/db/heston_mc.pp.0.cpp:16726:5: warning: Added loop label VITIS_LOOP_629_1:   [xilinx-label-all-loops]
    for(int i=0;i<W+1;i++){
    ^~~
    VITIS_LOOP_629_1: 
/home/jbonfigs/EECE5698_FinalProject/heston_mc_project/solution1/.autopilot/db/heston_mc.pp.0.cpp:16726:5: note: FIX-IT applied suggested code changes
/home/jbonfigs/EECE5698_FinalProject/heston_mc_project/solution1/.autopilot/db/heston_mc.pp.0.cpp:16730:5: warning: Added loop label VITIS_LOOP_633_2:   [xilinx-label-all-loops]
    for(int i=0;i<W+1;i++){
    ^~~
    VITIS_LOOP_633_2: 
/home/jbonfigs/EECE5698_FinalProject/heston_mc_project/solution1/.autopilot/db/heston_mc.pp.0.cpp:16730:5: note: FIX-IT applied suggested code changes
/home/jbonfigs/EECE5698_FinalProject/heston_mc_project/solution1/.autopilot/db/heston_mc.pp.0.cpp:16840:5: warning: Added loop label VITIS_LOOP_743_1:   [xilinx-label-all-loops]
    for (int n=0; n<Nmax; n++){
    ^~~
    VITIS_LOOP_743_1: 
/home/jbonfigs/EECE5698_FinalProject/heston_mc_project/solution1/.autopilot/db/heston_mc.pp.0.cpp:16840:5: note: FIX-IT applied suggested code changes
/home/jbonfigs/EECE5698_FinalProject/heston_mc_project/solution1/.autopilot/db/heston_mc.pp.0.cpp:16930:7: warning: Added loop label VITIS_LOOP_840_1:   [xilinx-label-all-loops]
      for(int i=0;i<W-1;i++){
      ^~~
      VITIS_LOOP_840_1: 
/home/jbonfigs/EECE5698_FinalProject/heston_mc_project/solution1/.autopilot/db/heston_mc.pp.0.cpp:16930:7: note: FIX-IT applied suggested code changes
/home/jbonfigs/EECE5698_FinalProject/heston_mc_project/solution1/.autopilot/db/heston_mc.pp.0.cpp:16949:7: warning: Added loop label VITIS_LOOP_859_2:   [xilinx-label-all-loops]
      for(int i=0;i<W-1;i++){
      ^~~
      VITIS_LOOP_859_2: 
/home/jbonfigs/EECE5698_FinalProject/heston_mc_project/solution1/.autopilot/db/heston_mc.pp.0.cpp:16949:7: note: FIX-IT applied suggested code changes
/home/jbonfigs/EECE5698_FinalProject/heston_mc_project/solution1/.autopilot/db/heston_mc.pp.0.cpp:17239:5: warning: Added loop label VITIS_LOOP_1173_1:   [xilinx-label-all-loops]
    for(int i=0; i<Nmax; i++) {
    ^~~
    VITIS_LOOP_1173_1: 
/home/jbonfigs/EECE5698_FinalProject/heston_mc_project/solution1/.autopilot/db/heston_mc.pp.0.cpp:17239:5: note: FIX-IT applied suggested code changes
/home/jbonfigs/EECE5698_FinalProject/heston_mc_project/solution1/.autopilot/db/heston_mc.pp.0.cpp:17322:5: warning: Added loop label VITIS_LOOP_1256_1:   [xilinx-label-all-loops]
    for(int i=0; i<Nmax; i++) {
    ^~~
    VITIS_LOOP_1256_1: 
/home/jbonfigs/EECE5698_FinalProject/heston_mc_project/solution1/.autopilot/db/heston_mc.pp.0.cpp:17322:5: note: FIX-IT applied suggested code changes
/home/jbonfigs/EECE5698_FinalProject/heston_mc_project/solution1/.autopilot/db/heston_mc.pp.0.cpp:17728:13: warning: Added loop label VITIS_LOOP_68_1:   [xilinx-label-all-loops]
            for (int j = 3; j >= I_+1; j--) {
            ^~~
            VITIS_LOOP_68_1: 
/home/jbonfigs/EECE5698_FinalProject/heston_mc_project/solution1/.autopilot/db/heston_mc.pp.0.cpp:17728:13: note: FIX-IT applied suggested code changes
/home/jbonfigs/EECE5698_FinalProject/heston_mc_project/solution1/.autopilot/db/heston_mc.pp.0.cpp:17734:17: warning: Added loop label VITIS_LOOP_74_2:   [xilinx-label-all-loops]
                for (int j = 3; j >= I_+1; j--){
                ^~~
                VITIS_LOOP_74_2: 
/home/jbonfigs/EECE5698_FinalProject/heston_mc_project/solution1/.autopilot/db/heston_mc.pp.0.cpp:17734:17: note: FIX-IT applied suggested code changes
/home/jbonfigs/EECE5698_FinalProject/heston_mc_project/solution1/.autopilot/db/heston_mc.pp.0.cpp:17738:17: warning: Added loop label VITIS_LOOP_78_3:   [xilinx-label-all-loops]
                for (int j = I_; j >= 0; j--){
                ^~~
                VITIS_LOOP_78_3: 
/home/jbonfigs/EECE5698_FinalProject/heston_mc_project/solution1/.autopilot/db/heston_mc.pp.0.cpp:17738:17: note: FIX-IT applied suggested code changes
/home/jbonfigs/EECE5698_FinalProject/heston_mc_project/solution1/.autopilot/db/heston_mc.pp.0.cpp:17786:13: warning: Added loop label VITIS_LOOP_145_4:   [xilinx-label-all-loops]
            for (int j = 9; j >= I_+4; j--) {
            ^~~
            VITIS_LOOP_145_4: 
/home/jbonfigs/EECE5698_FinalProject/heston_mc_project/solution1/.autopilot/db/heston_mc.pp.0.cpp:17786:13: note: FIX-IT applied suggested code changes
/home/jbonfigs/EECE5698_FinalProject/heston_mc_project/solution1/.autopilot/db/heston_mc.pp.0.cpp:17792:17: warning: Added loop label VITIS_LOOP_151_5:   [xilinx-label-all-loops]
                for (int j = 9; j >= I_+4; j--){
                ^~~
                VITIS_LOOP_151_5: 
/home/jbonfigs/EECE5698_FinalProject/heston_mc_project/solution1/.autopilot/db/heston_mc.pp.0.cpp:17792:17: note: FIX-IT applied suggested code changes
/home/jbonfigs/EECE5698_FinalProject/heston_mc_project/solution1/.autopilot/db/heston_mc.pp.0.cpp:17796:17: warning: Added loop label VITIS_LOOP_155_6:   [xilinx-label-all-loops]
                for (int j = I_+3; j >= 0; j--){
                ^~~
                VITIS_LOOP_155_6: 
/home/jbonfigs/EECE5698_FinalProject/heston_mc_project/solution1/.autopilot/db/heston_mc.pp.0.cpp:17796:17: note: FIX-IT applied suggested code changes
/home/jbonfigs/EECE5698_FinalProject/heston_mc_project/solution1/.autopilot/db/heston_mc.pp.0.cpp:17811:9: warning: Added loop label VITIS_LOOP_170_7:   [xilinx-label-all-loops]
        for (int j = 14; j < 22; j++){
        ^~~
        VITIS_LOOP_170_7: 
/home/jbonfigs/EECE5698_FinalProject/heston_mc_project/solution1/.autopilot/db/heston_mc.pp.0.cpp:17811:9: note: FIX-IT applied suggested code changes
/home/jbonfigs/EECE5698_FinalProject/heston_mc_project/solution1/.autopilot/db/heston_mc.pp.0.cpp:17819:17: warning: Added loop label VITIS_LOOP_178_8:   [xilinx-label-all-loops]
                for (int j = 0; j < 22; j++){
                ^~~
                VITIS_LOOP_178_8: 
/home/jbonfigs/EECE5698_FinalProject/heston_mc_project/solution1/.autopilot/db/heston_mc.pp.0.cpp:17819:17: note: FIX-IT applied suggested code changes
/home/jbonfigs/EECE5698_FinalProject/heston_mc_project/solution1/.autopilot/db/heston_mc.pp.0.cpp:17884:13: warning: Added loop label VITIS_LOOP_243_9:   [xilinx-label-all-loops]
            for (int j = 21; j >= I_+10; j--) {
            ^~~
            VITIS_LOOP_243_9: 
/home/jbonfigs/EECE5698_FinalProject/heston_mc_project/solution1/.autopilot/db/heston_mc.pp.0.cpp:17884:13: note: FIX-IT applied suggested code changes
/home/jbonfigs/EECE5698_FinalProject/heston_mc_project/solution1/.autopilot/db/heston_mc.pp.0.cpp:17890:17: warning: Added loop label VITIS_LOOP_249_10:   [xilinx-label-all-loops]
                for (int j = 21; j >= I_+10; j--) {
                ^~~
                VITIS_LOOP_249_10: 
/home/jbonfigs/EECE5698_FinalProject/heston_mc_project/solution1/.autopilot/db/heston_mc.pp.0.cpp:17890:17: note: FIX-IT applied suggested code changes
/home/jbonfigs/EECE5698_FinalProject/heston_mc_project/solution1/.autopilot/db/heston_mc.pp.0.cpp:17894:17: warning: Added loop label VITIS_LOOP_253_11:   [xilinx-label-all-loops]
                for (int j = I_+9; j >= 0; j--) {
                ^~~
                VITIS_LOOP_253_11: 
/home/jbonfigs/EECE5698_FinalProject/heston_mc_project/solution1/.autopilot/db/heston_mc.pp.0.cpp:17894:17: note: FIX-IT applied suggested code changes
/home/jbonfigs/EECE5698_FinalProject/heston_mc_project/solution1/.autopilot/db/heston_mc.pp.0.cpp:17909:9: warning: Added loop label VITIS_LOOP_268_12:   [xilinx-label-all-loops]
        for (int j = 27; j < 46; j++){
        ^~~
        VITIS_LOOP_268_12: 
/home/jbonfigs/EECE5698_FinalProject/heston_mc_project/solution1/.autopilot/db/heston_mc.pp.0.cpp:17909:9: note: FIX-IT applied suggested code changes
/home/jbonfigs/EECE5698_FinalProject/heston_mc_project/solution1/.autopilot/db/heston_mc.pp.0.cpp:17917:17: warning: Added loop label VITIS_LOOP_276_13:   [xilinx-label-all-loops]
                for (int j = 0; j < 46; j++) {
                ^~~
                VITIS_LOOP_276_13: 
/home/jbonfigs/EECE5698_FinalProject/heston_mc_project/solution1/.autopilot/db/heston_mc.pp.0.cpp:17917:17: note: FIX-IT applied suggested code changes
/home/jbonfigs/EECE5698_FinalProject/heston_mc_project/solution1/.autopilot/db/heston_mc.pp.0.cpp:18146:13: warning: Added loop label VITIS_LOOP_505_14:   [xilinx-label-all-loops]
            for (int j = 45; j >= I_+22; j--) {
            ^~~
            VITIS_LOOP_505_14: 
/home/jbonfigs/EECE5698_FinalProject/heston_mc_project/solution1/.autopilot/db/heston_mc.pp.0.cpp:18146:13: note: FIX-IT applied suggested code changes
/home/jbonfigs/EECE5698_FinalProject/heston_mc_project/solution1/.autopilot/db/heston_mc.pp.0.cpp:18152:17: warning: Added loop label VITIS_LOOP_511_15:   [xilinx-label-all-loops]
                for (int j = 45; j >= I_+22; j--){
                ^~~
                VITIS_LOOP_511_15: 
/home/jbonfigs/EECE5698_FinalProject/heston_mc_project/solution1/.autopilot/db/heston_mc.pp.0.cpp:18152:17: note: FIX-IT applied suggested code changes
/home/jbonfigs/EECE5698_FinalProject/heston_mc_project/solution1/.autopilot/db/heston_mc.pp.0.cpp:18156:17: warning: Added loop label VITIS_LOOP_515_16:   [xilinx-label-all-loops]
                for (int j = I_+21; j >= 0; j--) {
                ^~~
                VITIS_LOOP_515_16: 
/home/jbonfigs/EECE5698_FinalProject/heston_mc_project/solution1/.autopilot/db/heston_mc.pp.0.cpp:18156:17: note: FIX-IT applied suggested code changes
/home/jbonfigs/EECE5698_FinalProject/heston_mc_project/solution1/.autopilot/db/heston_mc.pp.0.cpp:18166:9: warning: Added loop label VITIS_LOOP_525_17:   [xilinx-label-all-loops]
        for (int j = 32-F_; j < 32+I_; j++){
        ^~~
        VITIS_LOOP_525_17: 
/home/jbonfigs/EECE5698_FinalProject/heston_mc_project/solution1/.autopilot/db/heston_mc.pp.0.cpp:18166:9: note: FIX-IT applied suggested code changes
/home/jbonfigs/EECE5698_FinalProject/heston_mc_project/solution1/.autopilot/db/heston_mc.pp.0.cpp:18170:9: warning: Added loop label VITIS_LOOP_529_18:   [xilinx-label-all-loops]
        for (int j = 32+I_; j <= 64; j++){
        ^~~
        VITIS_LOOP_529_18: 
/home/jbonfigs/EECE5698_FinalProject/heston_mc_project/solution1/.autopilot/db/heston_mc.pp.0.cpp:18170:9: note: FIX-IT applied suggested code changes
/home/jbonfigs/EECE5698_FinalProject/heston_mc_project/solution1/.autopilot/db/heston_mc.pp.0.cpp:18180:9: warning: Added loop label VITIS_LOOP_539_19:   [xilinx-label-all-loops]
        for (int j = 37; j < 64; j++) {
        ^~~
        VITIS_LOOP_539_19: 
/home/jbonfigs/EECE5698_FinalProject/heston_mc_project/solution1/.autopilot/db/heston_mc.pp.0.cpp:18180:9: note: FIX-IT applied suggested code changes
/home/jbonfigs/EECE5698_FinalProject/heston_mc_project/solution1/.autopilot/db/heston_mc.pp.0.cpp:18188:17: warning: Added loop label VITIS_LOOP_547_20:   [xilinx-label-all-loops]
                for (int j = 0; j < 64; j++){
                ^~~
                VITIS_LOOP_547_20: 
/home/jbonfigs/EECE5698_FinalProject/heston_mc_project/solution1/.autopilot/db/heston_mc.pp.0.cpp:18188:17: note: FIX-IT applied suggested code changes
/home/jbonfigs/EECE5698_FinalProject/heston_mc_project/solution1/.autopilot/db/heston_mc.pp.0.cpp:18549:13: warning: Added loop label VITIS_LOOP_908_21:   [xilinx-label-all-loops]
            for (int j = 63; j >= I_+31; j--) {
            ^~~
            VITIS_LOOP_908_21: 
/home/jbonfigs/EECE5698_FinalProject/heston_mc_project/solution1/.autopilot/db/heston_mc.pp.0.cpp:18549:13: note: FIX-IT applied suggested code changes
/home/jbonfigs/EECE5698_FinalProject/heston_mc_project/solution1/.autopilot/db/heston_mc.pp.0.cpp:18555:17: warning: Added loop label VITIS_LOOP_914_22:   [xilinx-label-all-loops]
                for (int j = 63; j >= I_+31; j--) {
                ^~~
                VITIS_LOOP_914_22: 
/home/jbonfigs/EECE5698_FinalProject/heston_mc_project/solution1/.autopilot/db/heston_mc.pp.0.cpp:18555:17: note: FIX-IT applied suggested code changes
/home/jbonfigs/EECE5698_FinalProject/heston_mc_project/solution1/.autopilot/db/heston_mc.pp.0.cpp:18559:17: warning: Added loop label VITIS_LOOP_918_23:   [xilinx-label-all-loops]
                for (int j = I_+30; j >= 0; j--) {
                ^~~
                VITIS_LOOP_918_23: 
/home/jbonfigs/EECE5698_FinalProject/heston_mc_project/solution1/.autopilot/db/heston_mc.pp.0.cpp:18559:17: note: FIX-IT applied suggested code changes
/home/jbonfigs/EECE5698_FinalProject/heston_mc_project/solution1/.autopilot/db/heston_mc.pp.0.cpp:18675:13: warning: Added loop label VITIS_LOOP_1034_1:   [xilinx-label-all-loops]
            for (int j = 4; j >= I_+1; j--) {
            ^~~
            VITIS_LOOP_1034_1: 
/home/jbonfigs/EECE5698_FinalProject/heston_mc_project/solution1/.autopilot/db/heston_mc.pp.0.cpp:18675:13: note: FIX-IT applied suggested code changes
/home/jbonfigs/EECE5698_FinalProject/heston_mc_project/solution1/.autopilot/db/heston_mc.pp.0.cpp:18681:17: warning: Added loop label VITIS_LOOP_1040_2:   [xilinx-label-all-loops]
                for (int j = 4; j >= I_+1; j--) {
                ^~~
                VITIS_LOOP_1040_2: 
/home/jbonfigs/EECE5698_FinalProject/heston_mc_project/solution1/.autopilot/db/heston_mc.pp.0.cpp:18681:17: note: FIX-IT applied suggested code changes
/home/jbonfigs/EECE5698_FinalProject/heston_mc_project/solution1/.autopilot/db/heston_mc.pp.0.cpp:18685:17: warning: Added loop label VITIS_LOOP_1044_3:   [xilinx-label-all-loops]
                for (int j = I_; j >= 0; j--) {
                ^~~
                VITIS_LOOP_1044_3: 
/home/jbonfigs/EECE5698_FinalProject/heston_mc_project/solution1/.autopilot/db/heston_mc.pp.0.cpp:18685:17: note: FIX-IT applied suggested code changes
/home/jbonfigs/EECE5698_FinalProject/heston_mc_project/solution1/.autopilot/db/heston_mc.pp.0.cpp:18772:13: warning: Added loop label VITIS_LOOP_1131_4:   [xilinx-label-all-loops]
            for (int j = 10; j >= I_+4; j--) {
            ^~~
            VITIS_LOOP_1131_4: 
/home/jbonfigs/EECE5698_FinalProject/heston_mc_project/solution1/.autopilot/db/heston_mc.pp.0.cpp:18772:13: note: FIX-IT applied suggested code changes
/home/jbonfigs/EECE5698_FinalProject/heston_mc_project/solution1/.autopilot/db/heston_mc.pp.0.cpp:18778:17: warning: Added loop label VITIS_LOOP_1137_5:   [xilinx-label-all-loops]
                for (int j = 10; j >= I_+4; j--) {
                ^~~
                VITIS_LOOP_1137_5: 
/home/jbonfigs/EECE5698_FinalProject/heston_mc_project/solution1/.autopilot/db/heston_mc.pp.0.cpp:18778:17: note: FIX-IT applied suggested code changes
/home/jbonfigs/EECE5698_FinalProject/heston_mc_project/solution1/.autopilot/db/heston_mc.pp.0.cpp:18782:17: warning: Added loop label VITIS_LOOP_1141_6:   [xilinx-label-all-loops]
                for (int j = I_+3; j >= 0; j--) {
                ^~~
                VITIS_LOOP_1141_6: 
/home/jbonfigs/EECE5698_FinalProject/heston_mc_project/solution1/.autopilot/db/heston_mc.pp.0.cpp:18782:17: note: FIX-IT applied suggested code changes
/home/jbonfigs/EECE5698_FinalProject/heston_mc_project/solution1/.autopilot/db/heston_mc.pp.0.cpp:18801:9: warning: Added loop label VITIS_LOOP_1160_7:   [xilinx-label-all-loops]
        for (int j = wf+3; j < w-1; j++) {
        ^~~
        VITIS_LOOP_1160_7: 
/home/jbonfigs/EECE5698_FinalProject/heston_mc_project/solution1/.autopilot/db/heston_mc.pp.0.cpp:18801:9: note: FIX-IT applied suggested code changes
/home/jbonfigs/EECE5698_FinalProject/heston_mc_project/solution1/.autopilot/db/heston_mc.pp.0.cpp:18808:17: warning: Added loop label VITIS_LOOP_1167_8:   [xilinx-label-all-loops]
                for (int j = 0; j < 22; j++) {
                ^~~
                VITIS_LOOP_1167_8: 
/home/jbonfigs/EECE5698_FinalProject/heston_mc_project/solution1/.autopilot/db/heston_mc.pp.0.cpp:18808:17: note: FIX-IT applied suggested code changes
/home/jbonfigs/EECE5698_FinalProject/heston_mc_project/solution1/.autopilot/db/heston_mc.pp.0.cpp:18924:13: warning: Added loop label VITIS_LOOP_1283_9:   [xilinx-label-all-loops]
            for (int j = 22; j >= I_+10; j--) {
            ^~~
            VITIS_LOOP_1283_9: 
/home/jbonfigs/EECE5698_FinalProject/heston_mc_project/solution1/.autopilot/db/heston_mc.pp.0.cpp:18924:13: note: FIX-IT applied suggested code changes
/home/jbonfigs/EECE5698_FinalProject/heston_mc_project/solution1/.autopilot/db/heston_mc.pp.0.cpp:18930:17: warning: Added loop label VITIS_LOOP_1289_10:   [xilinx-label-all-loops]
                for (int j = 22; j >= I_+10; j--){
                ^~~
                VITIS_LOOP_1289_10: 
/home/jbonfigs/EECE5698_FinalProject/heston_mc_project/solution1/.autopilot/db/heston_mc.pp.0.cpp:18930:17: note: FIX-IT applied suggested code changes
/home/jbonfigs/EECE5698_FinalProject/heston_mc_project/solution1/.autopilot/db/heston_mc.pp.0.cpp:18934:17: warning: Added loop label VITIS_LOOP_1293_11:   [xilinx-label-all-loops]
                for (int j = I_+9; j >= 0; j--) {
                ^~~
                VITIS_LOOP_1293_11: 
/home/jbonfigs/EECE5698_FinalProject/heston_mc_project/solution1/.autopilot/db/heston_mc.pp.0.cpp:18934:17: note: FIX-IT applied suggested code changes
/home/jbonfigs/EECE5698_FinalProject/heston_mc_project/solution1/.autopilot/db/heston_mc.pp.0.cpp:18954:9: warning: Added loop label VITIS_LOOP_1313_12:   [xilinx-label-all-loops]
        for (int j = wf+4; j < w-1; j++){
        ^~~
        VITIS_LOOP_1313_12: 
/home/jbonfigs/EECE5698_FinalProject/heston_mc_project/solution1/.autopilot/db/heston_mc.pp.0.cpp:18954:9: note: FIX-IT applied suggested code changes
/home/jbonfigs/EECE5698_FinalProject/heston_mc_project/solution1/.autopilot/db/heston_mc.pp.0.cpp:18961:17: warning: Added loop label VITIS_LOOP_1320_13:   [xilinx-label-all-loops]
                for (int j = 0; j < 46; j++) {
                ^~~
                VITIS_LOOP_1320_13: 
/home/jbonfigs/EECE5698_FinalProject/heston_mc_project/solution1/.autopilot/db/heston_mc.pp.0.cpp:18961:17: note: FIX-IT applied suggested code changes
/home/jbonfigs/EECE5698_FinalProject/heston_mc_project/solution1/.autopilot/db/heston_mc.pp.0.cpp:19223:13: warning: Added loop label VITIS_LOOP_1582_14:   [xilinx-label-all-loops]
            for (int j = 46; j >= I_+22; j--) {
            ^~~
            VITIS_LOOP_1582_14: 
/home/jbonfigs/EECE5698_FinalProject/heston_mc_project/solution1/.autopilot/db/heston_mc.pp.0.cpp:19223:13: note: FIX-IT applied suggested code changes
/home/jbonfigs/EECE5698_FinalProject/heston_mc_project/solution1/.autopilot/db/heston_mc.pp.0.cpp:19229:17: warning: Added loop label VITIS_LOOP_1588_15:   [xilinx-label-all-loops]
                for (int j = 46; j >= I_+22; j--) {
                ^~~
                VITIS_LOOP_1588_15: 
/home/jbonfigs/EECE5698_FinalProject/heston_mc_project/solution1/.autopilot/db/heston_mc.pp.0.cpp:19229:17: note: FIX-IT applied suggested code changes
/home/jbonfigs/EECE5698_FinalProject/heston_mc_project/solution1/.autopilot/db/heston_mc.pp.0.cpp:19233:17: warning: Added loop label VITIS_LOOP_1592_16:   [xilinx-label-all-loops]
                for (int j = I_+21; j >= 0; j--) {
                ^~~
                VITIS_LOOP_1592_16: 
/home/jbonfigs/EECE5698_FinalProject/heston_mc_project/solution1/.autopilot/db/heston_mc.pp.0.cpp:19233:17: note: FIX-IT applied suggested code changes
/home/jbonfigs/EECE5698_FinalProject/heston_mc_project/solution1/.autopilot/db/heston_mc.pp.0.cpp:19257:9: warning: Added loop label VITIS_LOOP_1616_17:   [xilinx-label-all-loops]
        for (int j = wf+5; j < w-1; j++){
        ^~~
        VITIS_LOOP_1616_17: 
/home/jbonfigs/EECE5698_FinalProject/heston_mc_project/solution1/.autopilot/db/heston_mc.pp.0.cpp:19257:9: note: FIX-IT applied suggested code changes
/home/jbonfigs/EECE5698_FinalProject/heston_mc_project/solution1/.autopilot/db/heston_mc.pp.0.cpp:19264:17: warning: Added loop label VITIS_LOOP_1623_18:   [xilinx-label-all-loops]
                for (int j = 0; j < 64; j++) {
                ^~~
                VITIS_LOOP_1623_18: 
/home/jbonfigs/EECE5698_FinalProject/heston_mc_project/solution1/.autopilot/db/heston_mc.pp.0.cpp:19264:17: note: FIX-IT applied suggested code changes
/home/jbonfigs/EECE5698_FinalProject/heston_mc_project/solution1/.autopilot/db/heston_mc.pp.0.cpp:19694:13: warning: Added loop label VITIS_LOOP_2053_19:   [xilinx-label-all-loops]
            for (int j = 64; j >= I_+31; j--) {
            ^~~
            VITIS_LOOP_2053_19: 
/home/jbonfigs/EECE5698_FinalProject/heston_mc_project/solution1/.autopilot/db/heston_mc.pp.0.cpp:19694:13: note: FIX-IT applied suggested code changes
/home/jbonfigs/EECE5698_FinalProject/heston_mc_project/solution1/.autopilot/db/heston_mc.pp.0.cpp:19700:17: warning: Added loop label VITIS_LOOP_2059_20:   [xilinx-label-all-loops]
                for (int j = 64; j >= I_+31; j--) {
                ^~~
                VITIS_LOOP_2059_20: 
/home/jbonfigs/EECE5698_FinalProject/heston_mc_project/solution1/.autopilot/db/heston_mc.pp.0.cpp:19700:17: note: FIX-IT applied suggested code changes
/home/jbonfigs/EECE5698_FinalProject/heston_mc_project/solution1/.autopilot/db/heston_mc.pp.0.cpp:19704:17: warning: Added loop label VITIS_LOOP_2063_21:   [xilinx-label-all-loops]
                for (int j = I_+30; j >= 0; j--) {
                ^~~
                VITIS_LOOP_2063_21: 
/home/jbonfigs/EECE5698_FinalProject/heston_mc_project/solution1/.autopilot/db/heston_mc.pp.0.cpp:19704:17: note: FIX-IT applied suggested code changes
/home/jbonfigs/EECE5698_FinalProject/heston_mc_project/solution1/.autopilot/db/heston_mc.pp.0.cpp:19834:13: warning: Added loop label VITIS_LOOP_2193_1:   [xilinx-label-all-loops]
            for(int j=3; j>=I+1; j--) {
            ^~~
            VITIS_LOOP_2193_1: 
/home/jbonfigs/EECE5698_FinalProject/heston_mc_project/solution1/.autopilot/db/heston_mc.pp.0.cpp:19834:13: note: FIX-IT applied suggested code changes
/home/jbonfigs/EECE5698_FinalProject/heston_mc_project/solution1/.autopilot/db/heston_mc.pp.0.cpp:19841:17: warning: Added loop label VITIS_LOOP_2200_2:   [xilinx-label-all-loops]
                for(int j=3; j>=I+1; j--) {
                ^~~
                VITIS_LOOP_2200_2: 
/home/jbonfigs/EECE5698_FinalProject/heston_mc_project/solution1/.autopilot/db/heston_mc.pp.0.cpp:19841:17: note: FIX-IT applied suggested code changes
/home/jbonfigs/EECE5698_FinalProject/heston_mc_project/solution1/.autopilot/db/heston_mc.pp.0.cpp:19845:17: warning: Added loop label VITIS_LOOP_2204_3:   [xilinx-label-all-loops]
                for(int j=I; j>=0; j--) {
                ^~~
                VITIS_LOOP_2204_3: 
/home/jbonfigs/EECE5698_FinalProject/heston_mc_project/solution1/.autopilot/db/heston_mc.pp.0.cpp:19845:17: note: FIX-IT applied suggested code changes
/home/jbonfigs/EECE5698_FinalProject/heston_mc_project/solution1/.autopilot/db/heston_mc.pp.0.cpp:19892:13: warning: Added loop label VITIS_LOOP_2251_4:   [xilinx-label-all-loops]
            for(int j=7; j>=3+I; j--) {
            ^~~
            VITIS_LOOP_2251_4: 
/home/jbonfigs/EECE5698_FinalProject/heston_mc_project/solution1/.autopilot/db/heston_mc.pp.0.cpp:19892:13: note: FIX-IT applied suggested code changes
/home/jbonfigs/EECE5698_FinalProject/heston_mc_project/solution1/.autopilot/db/heston_mc.pp.0.cpp:19899:17: warning: Added loop label VITIS_LOOP_2258_5:   [xilinx-label-all-loops]
                for(int j=7; j>=3+I; j--) {
                ^~~
                VITIS_LOOP_2258_5: 
/home/jbonfigs/EECE5698_FinalProject/heston_mc_project/solution1/.autopilot/db/heston_mc.pp.0.cpp:19899:17: note: FIX-IT applied suggested code changes
/home/jbonfigs/EECE5698_FinalProject/heston_mc_project/solution1/.autopilot/db/heston_mc.pp.0.cpp:19903:17: warning: Added loop label VITIS_LOOP_2262_6:   [xilinx-label-all-loops]
                for(int j=I+2; j>=0; j--) {
                ^~~
                VITIS_LOOP_2262_6: 
/home/jbonfigs/EECE5698_FinalProject/heston_mc_project/solution1/.autopilot/db/heston_mc.pp.0.cpp:19903:17: note: FIX-IT applied suggested code changes
/home/jbonfigs/EECE5698_FinalProject/heston_mc_project/solution1/.autopilot/db/heston_mc.pp.0.cpp:19921:9: warning: Added loop label VITIS_LOOP_2280_7:   [xilinx-label-all-loops]
        for(int j=11; j<16; j++) {
        ^~~
        VITIS_LOOP_2280_7: 
/home/jbonfigs/EECE5698_FinalProject/heston_mc_project/solution1/.autopilot/db/heston_mc.pp.0.cpp:19921:9: note: FIX-IT applied suggested code changes
/home/jbonfigs/EECE5698_FinalProject/heston_mc_project/solution1/.autopilot/db/heston_mc.pp.0.cpp:19976:13: warning: Added loop label VITIS_LOOP_2335_8:   [xilinx-label-all-loops]
            for(int j=15; j>=7+I; j--) {
            ^~~
            VITIS_LOOP_2335_8: 
/home/jbonfigs/EECE5698_FinalProject/heston_mc_project/solution1/.autopilot/db/heston_mc.pp.0.cpp:19976:13: note: FIX-IT applied suggested code changes
/home/jbonfigs/EECE5698_FinalProject/heston_mc_project/solution1/.autopilot/db/heston_mc.pp.0.cpp:19983:17: warning: Added loop label VITIS_LOOP_2342_9:   [xilinx-label-all-loops]
                for(int j=15; j>=7+I; j--) {
                ^~~
                VITIS_LOOP_2342_9: 
/home/jbonfigs/EECE5698_FinalProject/heston_mc_project/solution1/.autopilot/db/heston_mc.pp.0.cpp:19983:17: note: FIX-IT applied suggested code changes
/home/jbonfigs/EECE5698_FinalProject/heston_mc_project/solution1/.autopilot/db/heston_mc.pp.0.cpp:19987:17: warning: Added loop label VITIS_LOOP_2346_10:   [xilinx-label-all-loops]
                for(int j=6+I; j>=0; j--) {
                ^~~
                VITIS_LOOP_2346_10: 
/home/jbonfigs/EECE5698_FinalProject/heston_mc_project/solution1/.autopilot/db/heston_mc.pp.0.cpp:19987:17: note: FIX-IT applied suggested code changes
/home/jbonfigs/EECE5698_FinalProject/heston_mc_project/solution1/.autopilot/db/heston_mc.pp.0.cpp:20005:9: warning: Added loop label VITIS_LOOP_2364_11:   [xilinx-label-all-loops]
        for(int j=20; j<32; j++) {
        ^~~
        VITIS_LOOP_2364_11: 
/home/jbonfigs/EECE5698_FinalProject/heston_mc_project/solution1/.autopilot/db/heston_mc.pp.0.cpp:20005:9: note: FIX-IT applied suggested code changes
/home/jbonfigs/EECE5698_FinalProject/heston_mc_project/solution1/.autopilot/db/heston_mc.pp.0.cpp:20094:13: warning: Added loop label VITIS_LOOP_2453_12:   [xilinx-label-all-loops]
            for(int j=31; j>=I+15; j--) {
            ^~~
            VITIS_LOOP_2453_12: 
/home/jbonfigs/EECE5698_FinalProject/heston_mc_project/solution1/.autopilot/db/heston_mc.pp.0.cpp:20094:13: note: FIX-IT applied suggested code changes
/home/jbonfigs/EECE5698_FinalProject/heston_mc_project/solution1/.autopilot/db/heston_mc.pp.0.cpp:20101:17: warning: Added loop label VITIS_LOOP_2460_13:   [xilinx-label-all-loops]
                for(int j=31; j>=I+15; j--) {
                ^~~
                VITIS_LOOP_2460_13: 
/home/jbonfigs/EECE5698_FinalProject/heston_mc_project/solution1/.autopilot/db/heston_mc.pp.0.cpp:20101:17: note: FIX-IT applied suggested code changes
/home/jbonfigs/EECE5698_FinalProject/heston_mc_project/solution1/.autopilot/db/heston_mc.pp.0.cpp:20105:17: warning: Added loop label VITIS_LOOP_2464_14:   [xilinx-label-all-loops]
                for(int j=I+14; j>=0; j--) {
                ^~~
                VITIS_LOOP_2464_14: 
/home/jbonfigs/EECE5698_FinalProject/heston_mc_project/solution1/.autopilot/db/heston_mc.pp.0.cpp:20105:17: note: FIX-IT applied suggested code changes
/home/jbonfigs/EECE5698_FinalProject/heston_mc_project/solution1/.autopilot/db/heston_mc.pp.0.cpp:20115:9: warning: Added loop label VITIS_LOOP_2474_15:   [xilinx-label-all-loops]
        for(int j=32-F; j<32+I; j++) {
        ^~~
        VITIS_LOOP_2474_15: 
/home/jbonfigs/EECE5698_FinalProject/heston_mc_project/solution1/.autopilot/db/heston_mc.pp.0.cpp:20115:9: note: FIX-IT applied suggested code changes
/home/jbonfigs/EECE5698_FinalProject/heston_mc_project/solution1/.autopilot/db/heston_mc.pp.0.cpp:20119:9: warning: Added loop label VITIS_LOOP_2478_16:   [xilinx-label-all-loops]
        for(int j=32+I; j<=64; j++) {
        ^~~
        VITIS_LOOP_2478_16: 
/home/jbonfigs/EECE5698_FinalProject/heston_mc_project/solution1/.autopilot/db/heston_mc.pp.0.cpp:20119:9: note: FIX-IT applied suggested code changes
/home/jbonfigs/EECE5698_FinalProject/heston_mc_project/solution1/.autopilot/db/heston_mc.pp.0.cpp:20130:9: warning: Added loop label VITIS_LOOP_2489_17:   [xilinx-label-all-loops]
        for(int j=37; j<64; j++) {
        ^~~
        VITIS_LOOP_2489_17: 
/home/jbonfigs/EECE5698_FinalProject/heston_mc_project/solution1/.autopilot/db/heston_mc.pp.0.cpp:20130:9: note: FIX-IT applied suggested code changes
/home/jbonfigs/EECE5698_FinalProject/heston_mc_project/solution1/.autopilot/db/heston_mc.pp.0.cpp:20138:17: warning: Added loop label VITIS_LOOP_2497_18:   [xilinx-label-all-loops]
                for(int j=0; j<64; j++) {
                ^~~
                VITIS_LOOP_2497_18: 
/home/jbonfigs/EECE5698_FinalProject/heston_mc_project/solution1/.autopilot/db/heston_mc.pp.0.cpp:20138:17: note: FIX-IT applied suggested code changes
/home/jbonfigs/EECE5698_FinalProject/heston_mc_project/solution1/.autopilot/db/heston_mc.pp.0.cpp:20463:13: warning: Added loop label VITIS_LOOP_2822_19:   [xilinx-label-all-loops]
            for(int j=63; j>=I+31; j--) {
            ^~~
            VITIS_LOOP_2822_19: 
/home/jbonfigs/EECE5698_FinalProject/heston_mc_project/solution1/.autopilot/db/heston_mc.pp.0.cpp:20463:13: note: FIX-IT applied suggested code changes
/home/jbonfigs/EECE5698_FinalProject/heston_mc_project/solution1/.autopilot/db/heston_mc.pp.0.cpp:20470:17: warning: Added loop label VITIS_LOOP_2829_20:   [xilinx-label-all-loops]
                for(int j=63; j>=I+31; j--) {
                ^~~
                VITIS_LOOP_2829_20: 
/home/jbonfigs/EECE5698_FinalProject/heston_mc_project/solution1/.autopilot/db/heston_mc.pp.0.cpp:20470:17: note: FIX-IT applied suggested code changes
/home/jbonfigs/EECE5698_FinalProject/heston_mc_project/solution1/.autopilot/db/heston_mc.pp.0.cpp:20474:17: warning: Added loop label VITIS_LOOP_2833_21:   [xilinx-label-all-loops]
                for(int j=I+30; j>=0; j--) {
                ^~~
                VITIS_LOOP_2833_21: 
/home/jbonfigs/EECE5698_FinalProject/heston_mc_project/solution1/.autopilot/db/heston_mc.pp.0.cpp:20474:17: note: FIX-IT applied suggested code changes
/home/jbonfigs/EECE5698_FinalProject/heston_mc_project/solution1/.autopilot/db/heston_mc.pp.0.cpp:20562:4: warning: Added loop label VITIS_LOOP_2921_1:   [xilinx-label-all-loops]
   for(int j = 5; j>=I_+2; j--) {
   ^~~
   VITIS_LOOP_2921_1: 
/home/jbonfigs/EECE5698_FinalProject/heston_mc_project/solution1/.autopilot/db/heston_mc.pp.0.cpp:20562:4: note: FIX-IT applied suggested code changes
/home/jbonfigs/EECE5698_FinalProject/heston_mc_project/solution1/.autopilot/db/heston_mc.pp.0.cpp:20569:5: warning: Added loop label VITIS_LOOP_2928_2:   [xilinx-label-all-loops]
    for(int j = 5; j>=I_+2; j--) {
    ^~~
    VITIS_LOOP_2928_2: 
/home/jbonfigs/EECE5698_FinalProject/heston_mc_project/solution1/.autopilot/db/heston_mc.pp.0.cpp:20569:5: note: FIX-IT applied suggested code changes
/home/jbonfigs/EECE5698_FinalProject/heston_mc_project/solution1/.autopilot/db/heston_mc.pp.0.cpp:20573:5: warning: Added loop label VITIS_LOOP_2932_3:   [xilinx-label-all-loops]
    for(int j = I_+1; j>=0; j--) {
    ^~~
    VITIS_LOOP_2932_3: 
/home/jbonfigs/EECE5698_FinalProject/heston_mc_project/solution1/.autopilot/db/heston_mc.pp.0.cpp:20573:5: note: FIX-IT applied suggested code changes
/home/jbonfigs/EECE5698_FinalProject/heston_mc_project/solution1/.autopilot/db/heston_mc.pp.0.cpp:20588:3: warning: Added loop label VITIS_LOOP_2947_4:   [xilinx-label-all-loops]
  for(int j = 11; j >=7; j--) {
  ^~~
  VITIS_LOOP_2947_4: 
/home/jbonfigs/EECE5698_FinalProject/heston_mc_project/solution1/.autopilot/db/heston_mc.pp.0.cpp:20588:3: note: FIX-IT applied suggested code changes
/home/jbonfigs/EECE5698_FinalProject/heston_mc_project/solution1/.autopilot/db/heston_mc.pp.0.cpp:20620:4: warning: Added loop label VITIS_LOOP_2979_5:   [xilinx-label-all-loops]
   for(int j = 11; j >= I_+5; j--) {
   ^~~
   VITIS_LOOP_2979_5: 
/home/jbonfigs/EECE5698_FinalProject/heston_mc_project/solution1/.autopilot/db/heston_mc.pp.0.cpp:20620:4: note: FIX-IT applied suggested code changes
/home/jbonfigs/EECE5698_FinalProject/heston_mc_project/solution1/.autopilot/db/heston_mc.pp.0.cpp:20627:5: warning: Added loop label VITIS_LOOP_2986_6:   [xilinx-label-all-loops]
    for(int j = 11; j>= I_+5; j--) {
    ^~~
    VITIS_LOOP_2986_6: 
/home/jbonfigs/EECE5698_FinalProject/heston_mc_project/solution1/.autopilot/db/heston_mc.pp.0.cpp:20627:5: note: FIX-IT applied suggested code changes
/home/jbonfigs/EECE5698_FinalProject/heston_mc_project/solution1/.autopilot/db/heston_mc.pp.0.cpp:20631:5: warning: Added loop label VITIS_LOOP_2990_7:   [xilinx-label-all-loops]
    for(int j = I_+4; j>=0; j--) {
    ^~~
    VITIS_LOOP_2990_7: 
/home/jbonfigs/EECE5698_FinalProject/heston_mc_project/solution1/.autopilot/db/heston_mc.pp.0.cpp:20631:5: note: FIX-IT applied suggested code changes
/home/jbonfigs/EECE5698_FinalProject/heston_mc_project/solution1/.autopilot/db/heston_mc.pp.0.cpp:20646:3: warning: Added loop label VITIS_LOOP_3005_8:   [xilinx-label-all-loops]
  for(int j = 25; j>=15; j--) {
  ^~~
  VITIS_LOOP_3005_8: 
/home/jbonfigs/EECE5698_FinalProject/heston_mc_project/solution1/.autopilot/db/heston_mc.pp.0.cpp:20646:3: note: FIX-IT applied suggested code changes
/home/jbonfigs/EECE5698_FinalProject/heston_mc_project/solution1/.autopilot/db/heston_mc.pp.0.cpp:20696:4: warning: Added loop label VITIS_LOOP_3055_9:   [xilinx-label-all-loops]
   for(int j = 25; j>= I_+12; j--) {
   ^~~
   VITIS_LOOP_3055_9: 
/home/jbonfigs/EECE5698_FinalProject/heston_mc_project/solution1/.autopilot/db/heston_mc.pp.0.cpp:20696:4: note: FIX-IT applied suggested code changes
/home/jbonfigs/EECE5698_FinalProject/heston_mc_project/solution1/.autopilot/db/heston_mc.pp.0.cpp:20703:5: warning: Added loop label VITIS_LOOP_3062_10:   [xilinx-label-all-loops]
    for(int j = 25; j>=I_+12; j--) {
    ^~~
    VITIS_LOOP_3062_10: 
/home/jbonfigs/EECE5698_FinalProject/heston_mc_project/solution1/.autopilot/db/heston_mc.pp.0.cpp:20703:5: note: FIX-IT applied suggested code changes
/home/jbonfigs/EECE5698_FinalProject/heston_mc_project/solution1/.autopilot/db/heston_mc.pp.0.cpp:20707:5: warning: Added loop label VITIS_LOOP_3066_11:   [xilinx-label-all-loops]
    for(int j = I_+11; j>=0; j--) {
    ^~~
    VITIS_LOOP_3066_11: 
/home/jbonfigs/EECE5698_FinalProject/heston_mc_project/solution1/.autopilot/db/heston_mc.pp.0.cpp:20707:5: note: FIX-IT applied suggested code changes
/home/jbonfigs/EECE5698_FinalProject/heston_mc_project/solution1/.autopilot/db/heston_mc.pp.0.cpp:20722:3: warning: Added loop label VITIS_LOOP_3081_12:   [xilinx-label-all-loops]
  for(int j = 51; j >= 29; j--) {
  ^~~
  VITIS_LOOP_3081_12: 
/home/jbonfigs/EECE5698_FinalProject/heston_mc_project/solution1/.autopilot/db/heston_mc.pp.0.cpp:20722:3: note: FIX-IT applied suggested code changes
/home/jbonfigs/EECE5698_FinalProject/heston_mc_project/solution1/.autopilot/db/heston_mc.pp.0.cpp:20859:4: warning: Added loop label VITIS_LOOP_3218_13:   [xilinx-label-all-loops]
   for(int j = 51; j >= 25 + I_; j--) {
   ^~~
   VITIS_LOOP_3218_13: 
/home/jbonfigs/EECE5698_FinalProject/heston_mc_project/solution1/.autopilot/db/heston_mc.pp.0.cpp:20859:4: note: FIX-IT applied suggested code changes
/home/jbonfigs/EECE5698_FinalProject/heston_mc_project/solution1/.autopilot/db/heston_mc.pp.0.cpp:20866:5: warning: Added loop label VITIS_LOOP_3225_14:   [xilinx-label-all-loops]
    for(int j = 51; j>=25 + I_; j--) {
    ^~~
    VITIS_LOOP_3225_14: 
/home/jbonfigs/EECE5698_FinalProject/heston_mc_project/solution1/.autopilot/db/heston_mc.pp.0.cpp:20866:5: note: FIX-IT applied suggested code changes
/home/jbonfigs/EECE5698_FinalProject/heston_mc_project/solution1/.autopilot/db/heston_mc.pp.0.cpp:20870:5: warning: Added loop label VITIS_LOOP_3229_15:   [xilinx-label-all-loops]
    for(int j = 24 + I_; j >= 0; j--) {
    ^~~
    VITIS_LOOP_3229_15: 
/home/jbonfigs/EECE5698_FinalProject/heston_mc_project/solution1/.autopilot/db/heston_mc.pp.0.cpp:20870:5: note: FIX-IT applied suggested code changes
/home/jbonfigs/EECE5698_FinalProject/heston_mc_project/solution1/.autopilot/db/heston_mc.pp.0.cpp:20885:3: warning: Added loop label VITIS_LOOP_3244_16:   [xilinx-label-all-loops]
  for(int j = 63; j >= 36; j--) {
  ^~~
  VITIS_LOOP_3244_16: 
/home/jbonfigs/EECE5698_FinalProject/heston_mc_project/solution1/.autopilot/db/heston_mc.pp.0.cpp:20885:3: note: FIX-IT applied suggested code changes
/home/jbonfigs/EECE5698_FinalProject/heston_mc_project/solution1/.autopilot/db/heston_mc.pp.0.cpp:21045:4: warning: Added loop label VITIS_LOOP_3404_17:   [xilinx-label-all-loops]
   for(int j = 63; j >= 31 + I_; j--) {
   ^~~
   VITIS_LOOP_3404_17: 
/home/jbonfigs/EECE5698_FinalProject/heston_mc_project/solution1/.autopilot/db/heston_mc.pp.0.cpp:21045:4: note: FIX-IT applied suggested code changes
/home/jbonfigs/EECE5698_FinalProject/heston_mc_project/solution1/.autopilot/db/heston_mc.pp.0.cpp:21052:5: warning: Added loop label VITIS_LOOP_3411_18:   [xilinx-label-all-loops]
    for(int j = 63; j >= 31 + I_; j--) {
    ^~~
    VITIS_LOOP_3411_18: 
/home/jbonfigs/EECE5698_FinalProject/heston_mc_project/solution1/.autopilot/db/heston_mc.pp.0.cpp:21052:5: note: FIX-IT applied suggested code changes
/home/jbonfigs/EECE5698_FinalProject/heston_mc_project/solution1/.autopilot/db/heston_mc.pp.0.cpp:21056:5: warning: Added loop label VITIS_LOOP_3415_19:   [xilinx-label-all-loops]
    for(int j = 30 + I_; j >= 0; j--) {
    ^~~
    VITIS_LOOP_3415_19: 
/home/jbonfigs/EECE5698_FinalProject/heston_mc_project/solution1/.autopilot/db/heston_mc.pp.0.cpp:21056:5: note: FIX-IT applied suggested code changes
/home/jbonfigs/EECE5698_FinalProject/heston_mc_project/solution1/.autopilot/db/heston_mc.pp.0.cpp:21771:13: warning: Added loop label VITIS_LOOP_703_1:   [xilinx-label-all-loops]
            for (b_exp = I_-1; b_exp >= -F_; b_exp--) {
            ^~~
            VITIS_LOOP_703_1: 
/home/jbonfigs/EECE5698_FinalProject/heston_mc_project/solution1/.autopilot/db/heston_mc.pp.0.cpp:21771:13: note: FIX-IT applied suggested code changes
/home/jbonfigs/EECE5698_FinalProject/heston_mc_project/solution1/.autopilot/db/heston_mc.pp.0.cpp:21989:13: warning: Added loop label VITIS_LOOP_921_1:   [xilinx-label-all-loops]
            for (b_exp = I_-1; b_exp >= -F_; b_exp--) {
            ^~~
            VITIS_LOOP_921_1: 
/home/jbonfigs/EECE5698_FinalProject/heston_mc_project/solution1/.autopilot/db/heston_mc.pp.0.cpp:21989:13: note: FIX-IT applied suggested code changes
/home/jbonfigs/EECE5698_FinalProject/heston_mc_project/solution1/.autopilot/db/heston_mc.pp.0.cpp:22406:13: warning: Added loop label VITIS_LOOP_1345_1:   [xilinx-label-all-loops]
            for (b_exp = I_-1; b_exp >= -F_; b_exp--) {
            ^~~
            VITIS_LOOP_1345_1: 
/home/jbonfigs/EECE5698_FinalProject/heston_mc_project/solution1/.autopilot/db/heston_mc.pp.0.cpp:22406:13: note: FIX-IT applied suggested code changes
/home/jbonfigs/EECE5698_FinalProject/heston_mc_project/solution1/.autopilot/db/heston_mc.pp.0.cpp:22726:9: warning: Added loop label VITIS_LOOP_240_1:   [xilinx-label-all-loops]
        for ( int pos = msbr-1; pos >= 0; pos-- ) {
        ^~~
        VITIS_LOOP_240_1: 
/home/jbonfigs/EECE5698_FinalProject/heston_mc_project/solution1/.autopilot/db/heston_mc.pp.0.cpp:22726:9: note: FIX-IT applied suggested code changes
/home/jbonfigs/EECE5698_FinalProject/heston_mc_project/solution1/.autopilot/db/heston_mc.pp.0.cpp:22754:9: warning: Added loop label VITIS_LOOP_268_2:   [xilinx-label-all-loops]
        for ( int pos = -1; pos >= -F_-1; pos-- ) {
        ^~~
        VITIS_LOOP_268_2: 
/home/jbonfigs/EECE5698_FinalProject/heston_mc_project/solution1/.autopilot/db/heston_mc.pp.0.cpp:22754:9: note: FIX-IT applied suggested code changes
/home/jbonfigs/EECE5698_FinalProject/heston_mc_project/solution1/.autopilot/db/heston_mc.pp.0.cpp:23456:13: warning: Added loop label VITIS_LOOP_48_1:   [xilinx-label-all-loops]
            for (int j = 0; j < W_-1; j++){
            ^~~
            VITIS_LOOP_48_1: 
/home/jbonfigs/EECE5698_FinalProject/heston_mc_project/solution1/.autopilot/db/heston_mc.pp.0.cpp:23456:13: note: FIX-IT applied suggested code changes
/home/jbonfigs/EECE5698_FinalProject/heston_mc_project/solution1/.autopilot/db/heston_mc.pp.0.cpp:23509:5: warning: Added loop label VITIS_LOOP_109_2:   [xilinx-label-all-loops]
    for (int j = F_l+F_+I_m-1; j < F_l+W_+5; j++){
    ^~~
    VITIS_LOOP_109_2: 
/home/jbonfigs/EECE5698_FinalProject/heston_mc_project/solution1/.autopilot/db/heston_mc.pp.0.cpp:23509:5: note: FIX-IT applied suggested code changes
/home/jbonfigs/EECE5698_FinalProject/heston_mc_project/solution1/.autopilot/db/heston_mc.pp.0.cpp:23523:13: warning: Added loop label VITIS_LOOP_123_3:   [xilinx-label-all-loops]
            for (int j = WO_m-1; j >= W_-1; j--) {
            ^~~
            VITIS_LOOP_123_3: 
/home/jbonfigs/EECE5698_FinalProject/heston_mc_project/solution1/.autopilot/db/heston_mc.pp.0.cpp:23523:13: note: FIX-IT applied suggested code changes
/home/jbonfigs/EECE5698_FinalProject/heston_mc_project/solution1/.autopilot/db/heston_mc.pp.0.cpp:23553:13: warning: Added loop label VITIS_LOOP_153_4:   [xilinx-label-all-loops]
            for (int j = W_-2; j >= 0; j--){
            ^~~
            VITIS_LOOP_153_4: 
/home/jbonfigs/EECE5698_FinalProject/heston_mc_project/solution1/.autopilot/db/heston_mc.pp.0.cpp:23553:13: note: FIX-IT applied suggested code changes
/home/jbonfigs/EECE5698_FinalProject/heston_mc_project/solution1/.autopilot/db/heston_mc.pp.0.cpp:23638:12: warning: Added loop label VITIS_LOOP_281_1:   [xilinx-label-all-loops]
           for(int i = wf_log+we_log-2; i > WI_e - 2; --i) {
           ^~~
           VITIS_LOOP_281_1: 
/home/jbonfigs/EECE5698_FinalProject/heston_mc_project/solution1/.autopilot/db/heston_mc.pp.0.cpp:23638:12: note: FIX-IT applied suggested code changes
/home/jbonfigs/EECE5698_FinalProject/heston_mc_project/solution1/.autopilot/db/heston_mc.pp.0.cpp:23658:16: warning: Added loop label VITIS_LOOP_301_2:   [xilinx-label-all-loops]
               for (int j = WO_e-1; j >= W_-1; j--) {
               ^~~
               VITIS_LOOP_301_2: 
/home/jbonfigs/EECE5698_FinalProject/heston_mc_project/solution1/.autopilot/db/heston_mc.pp.0.cpp:23658:16: note: FIX-IT applied suggested code changes
/home/jbonfigs/EECE5698_FinalProject/heston_mc_project/solution1/.autopilot/db/heston_mc.pp.0.cpp:23672:20: warning: Added loop label VITIS_LOOP_315_3:   [xilinx-label-all-loops]
                   for(int i = 0; i < W_-1; ++i) {
                   ^~~
                   VITIS_LOOP_315_3: 
/home/jbonfigs/EECE5698_FinalProject/heston_mc_project/solution1/.autopilot/db/heston_mc.pp.0.cpp:23672:20: note: FIX-IT applied suggested code changes
/home/jbonfigs/EECE5698_FinalProject/heston_mc_project/solution1/.autopilot/db/heston_mc.pp.0.cpp:23765:12: warning: Added loop label VITIS_LOOP_433_1:   [xilinx-label-all-loops]
           for (int j =WO_d-1; j >= W_-1; j--) {
           ^~~
           VITIS_LOOP_433_1: 
/home/jbonfigs/EECE5698_FinalProject/heston_mc_project/solution1/.autopilot/db/heston_mc.pp.0.cpp:23765:12: note: FIX-IT applied suggested code changes
/home/jbonfigs/EECE5698_FinalProject/heston_mc_project/solution1/.autopilot/db/heston_mc.pp.0.cpp:23779:15: warning: Added loop label VITIS_LOOP_447_2:   [xilinx-label-all-loops]
              for(int i = 0; i < W_-1; ++i) {
              ^~~
              VITIS_LOOP_447_2: 
/home/jbonfigs/EECE5698_FinalProject/heston_mc_project/solution1/.autopilot/db/heston_mc.pp.0.cpp:23779:15: note: FIX-IT applied suggested code changes
/home/jbonfigs/EECE5698_FinalProject/heston_mc_project/solution1/.autopilot/db/heston_mc.pp.0.cpp:23899:13: warning: Added loop label VITIS_LOOP_33_1:   [xilinx-label-all-loops]
            for (int i = 0; i < W_-1; i++){
            ^~~
            VITIS_LOOP_33_1: 
/home/jbonfigs/EECE5698_FinalProject/heston_mc_project/solution1/.autopilot/db/heston_mc.pp.0.cpp:23899:13: note: FIX-IT applied suggested code changes
/home/jbonfigs/EECE5698_FinalProject/heston_mc_project/solution1/.autopilot/db/heston_mc.pp.0.cpp:24023:13: warning: Added loop label VITIS_LOOP_183_1:   [xilinx-label-all-loops]
            for (int i = 0; i < W_-1; i++){
            ^~~
            VITIS_LOOP_183_1: 
/home/jbonfigs/EECE5698_FinalProject/heston_mc_project/solution1/.autopilot/db/heston_mc.pp.0.cpp:24023:13: note: FIX-IT applied suggested code changes
/home/jbonfigs/EECE5698_FinalProject/heston_mc_project/solution1/.autopilot/db/heston_mc.pp.0.cpp:24078:13: warning: Added loop label VITIS_LOOP_248_1:   [xilinx-label-all-loops]
            for (int i = 0; i < W_-1; i++){
            ^~~
            VITIS_LOOP_248_1: 
/home/jbonfigs/EECE5698_FinalProject/heston_mc_project/solution1/.autopilot/db/heston_mc.pp.0.cpp:24078:13: note: FIX-IT applied suggested code changes
/home/jbonfigs/EECE5698_FinalProject/heston_mc_project/solution1/.autopilot/db/heston_mc.pp.0.cpp:24597:2: warning: Added loop label VITIS_LOOP_16_1:   [xilinx-label-all-loops]
 for (int i=0; i<W_;i++)
 ^~~
 VITIS_LOOP_16_1: 
/home/jbonfigs/EECE5698_FinalProject/heston_mc_project/solution1/.autopilot/db/heston_mc.pp.0.cpp:24597:2: note: FIX-IT applied suggested code changes
/home/jbonfigs/EECE5698_FinalProject/heston_mc_project/solution1/.autopilot/db/heston_mc.pp.0.cpp:24608:2: warning: Added loop label VITIS_LOOP_27_1:   [xilinx-label-all-loops]
 for (int i=0; i<W_;i++)
 ^~~
 VITIS_LOOP_27_1: 
/home/jbonfigs/EECE5698_FinalProject/heston_mc_project/solution1/.autopilot/db/heston_mc.pp.0.cpp:24608:2: note: FIX-IT applied suggested code changes
/home/jbonfigs/EECE5698_FinalProject/heston_mc_project/solution1/.autopilot/db/heston_mc.pp.0.cpp:24619:2: warning: Added loop label VITIS_LOOP_38_1:   [xilinx-label-all-loops]
 for (int i=0; i<I_;i++)
 ^~~
 VITIS_LOOP_38_1: 
/home/jbonfigs/EECE5698_FinalProject/heston_mc_project/solution1/.autopilot/db/heston_mc.pp.0.cpp:24619:2: note: FIX-IT applied suggested code changes
/home/jbonfigs/EECE5698_FinalProject/heston_mc_project/solution1/.autopilot/db/heston_mc.pp.0.cpp:24630:2: warning: Added loop label VITIS_LOOP_49_1:   [xilinx-label-all-loops]
 for (int i=0; i<I_;i++)
 ^~~
 VITIS_LOOP_49_1: 
/home/jbonfigs/EECE5698_FinalProject/heston_mc_project/solution1/.autopilot/db/heston_mc.pp.0.cpp:24630:2: note: FIX-IT applied suggested code changes
/home/jbonfigs/EECE5698_FinalProject/heston_mc_project/solution1/.autopilot/db/heston_mc.pp.0.cpp:24641:2: warning: Added loop label VITIS_LOOP_60_1:   [xilinx-label-all-loops]
 for (int i=0; i<W_;i++)
 ^~~
 VITIS_LOOP_60_1: 
/home/jbonfigs/EECE5698_FinalProject/heston_mc_project/solution1/.autopilot/db/heston_mc.pp.0.cpp:24641:2: note: FIX-IT applied suggested code changes
/home/jbonfigs/EECE5698_FinalProject/heston_mc_project/solution1/.autopilot/db/heston_mc.pp.0.cpp:24652:2: warning: Added loop label VITIS_LOOP_71_1:   [xilinx-label-all-loops]
 for (int i=0; i<W_;i++)
 ^~~
 VITIS_LOOP_71_1: 
/home/jbonfigs/EECE5698_FinalProject/heston_mc_project/solution1/.autopilot/db/heston_mc.pp.0.cpp:24652:2: note: FIX-IT applied suggested code changes
/home/jbonfigs/EECE5698_FinalProject/heston_mc_project/solution1/.autopilot/db/heston_mc.pp.0.cpp:24663:2: warning: Added loop label VITIS_LOOP_82_1:   [xilinx-label-all-loops]
 for (int i=0; i<I_;i++)
 ^~~
 VITIS_LOOP_82_1: 
/home/jbonfigs/EECE5698_FinalProject/heston_mc_project/solution1/.autopilot/db/heston_mc.pp.0.cpp:24663:2: note: FIX-IT applied suggested code changes
/home/jbonfigs/EECE5698_FinalProject/heston_mc_project/solution1/.autopilot/db/heston_mc.pp.0.cpp:24674:2: warning: Added loop label VITIS_LOOP_93_1:   [xilinx-label-all-loops]
 for (int i=0; i<I_;i++)
 ^~~
 VITIS_LOOP_93_1: 
/home/jbonfigs/EECE5698_FinalProject/heston_mc_project/solution1/.autopilot/db/heston_mc.pp.0.cpp:24674:2: note: FIX-IT applied suggested code changes
/home/jbonfigs/EECE5698_FinalProject/heston_mc_project/solution1/.autopilot/db/heston_mc.pp.0.cpp:26999:12: warning: Added loop label VITIS_LOOP_26_1:   [xilinx-label-all-loops]
           for(int i = 0; i < W_-1; ++i) {
           ^~~
           VITIS_LOOP_26_1: 
/home/jbonfigs/EECE5698_FinalProject/heston_mc_project/solution1/.autopilot/db/heston_mc.pp.0.cpp:26999:12: note: FIX-IT applied suggested code changes
/home/jbonfigs/EECE5698_FinalProject/heston_mc_project/solution1/.autopilot/db/heston_mc.pp.0.cpp:27063:7: warning: Added loop label VITIS_LOOP_40_1:   [xilinx-label-all-loops]
      for(int pos = msbr - 1 ; pos >= -F-1; pos--) {
      ^~~
      VITIS_LOOP_40_1: 
/home/jbonfigs/EECE5698_FinalProject/heston_mc_project/solution1/.autopilot/db/heston_mc.pp.0.cpp:27063:7: note: FIX-IT applied suggested code changes
/home/jbonfigs/EECE5698_FinalProject/heston_mc_project/solution1/.autopilot/db/heston_mc.pp.0.cpp:27180:9: warning: Added loop label VITIS_LOOP_49_1:   [xilinx-label-all-loops]
        for(int pos = msbr - 1; pos >= 0; pos--) {
        ^~~
        VITIS_LOOP_49_1: 
/home/jbonfigs/EECE5698_FinalProject/heston_mc_project/solution1/.autopilot/db/heston_mc.pp.0.cpp:27180:9: note: FIX-IT applied suggested code changes
/home/jbonfigs/EECE5698_FinalProject/heston_mc_project/solution1/.autopilot/db/heston_mc.pp.0.cpp:27205:5: warning: Added loop label VITIS_LOOP_81_2:   [xilinx-label-all-loops]
    for(int pos = -1; pos >= -F-1; pos--) {
    ^~~
    VITIS_LOOP_81_2: 
/home/jbonfigs/EECE5698_FinalProject/heston_mc_project/solution1/.autopilot/db/heston_mc.pp.0.cpp:27205:5: note: FIX-IT applied suggested code changes
/home/jbonfigs/EECE5698_FinalProject/heston_mc_project/solution1/.autopilot/db/heston_mc.pp.0.cpp:27275:8: warning: Added loop label VITIS_LOOP_169_3:   [xilinx-label-all-loops]
       for(int i = 0; i < W - 1; ++i) {
       ^~~
       VITIS_LOOP_169_3: 
/home/jbonfigs/EECE5698_FinalProject/heston_mc_project/solution1/.autopilot/db/heston_mc.pp.0.cpp:27275:8: note: FIX-IT applied suggested code changes
