=== Heston Monte Carlo Options Pricing Testbench ===

--- Test Case 1: Standard Parameters ---
Parameters:
  S0 = 100.000000
  K = 100.000000
  r = 0.049988
  T = 1.000000
  v0 = 0.039993 (vol = 19.998321%)
  theta = 0.039993
  kappa = 2.000000
  sigma = 0.299988
  rho = -0.700012

Monte Carlo Configuration:
  Simulations: 100
  Time steps: 252

Running Monte Carlo simulation...
Heston MC Option Price: -45.330933
Black-Scholes Price (reference): 10.449304
Difference: -55.780237

--- Test Case 2: Out-of-the-Money Option ---
Parameters: Same as Test 1, but K = 110.000000
Running Monte Carlo simulation...
Heston MC Option Price: -54.869522

--- Test Case 3: High Volatility ---
Parameters: v0 = 0.089996 (vol = 29.999390%)
Running Monte Carlo simulation...
Heston MC Option Price: -255.779358

--- Convergence Test ---
Simulations:   1000 -> Price: -30.688171
